<?xml version="1.0" encoding="UTF-8"?>
<!-- Generated by org.testng.reporters.JUnitXMLReporter -->
<testsuite ignored="0" hostname="Nanirams-MBP.cable.rcn.com" failures="0" tests="6" name="Surefire test" time="1.685" errors="0" timestamp="2023-03-10T06:44:54 EST">
  <testcase classname="Testss.SmokeTest" name="testCreatBook" time="0.585"/>
  <testcase classname="Testss.SmokeTest" name="testCreatBook" time="0.134"/>
  <testcase classname="Testss.SmokeTest" name="testCreatBook" time="0.135"/>
  <testcase classname="Testss.SmokeTest" name="testCreatBook" time="0.122"/>
  <testcase classname="Testss.SmokeTest" name="testCreatBook" time="0.138"/>
  <testcase classname="Testss.CreateBookingTest" name="testCreateBooking" time="0.308"/>
</testsuite> <!-- Surefire test -->
