<?xml version="1.0" encoding="UTF-8"?>
<testsuite xmlns:xsi="http://www.w3.org/2001/XMLSchema-instance" xsi:noNamespaceSchemaLocation="https://maven.apache.org/surefire/maven-surefire-plugin/xsd/surefire-test-report-3.0.xsd" version="3.0" name="RestAssuredProject.Restful_bookerTest" time="2.845" tests="10" errors="0" skipped="0" failures="1">
  <properties>
[...]
</properties>
  <testcase name="getAllRequest" classname="RestAssuredProject.Restful_bookerTest" time="1.205">
    <system-out><![CDATA[HTTP/1.1 200 OK
Server: Cowboy
Connection: keep-alive
X-Powered-By: Express
Content-Type: application/json; charset=utf-8
Content-Length: 95637
Etag: W/"17595-+Q7B7k+fzpjAeSpuf3FzUHcQkKY"
Date: Sun, 19 Feb 2023 16:58:37 GMT
Via: 1.1 vegur

[
    {
        "bookingid": 7212
    },
    {
        "bookingid": 4090
    },
    {
        "bookingid": 6526
    },
    {
        "bookingid": 1622
    },
    {
        "bookingid": 2735
    },
    {
        "bookingid": 6437
    },
    {
        "bookingid": 6840
    },
    {
        "bookingid": 7300
    },
    {
        "bookingid": 1640
    },
    {
        "bookingid": 4309
    },
    {
        "bookingid": 5558
    },
    {
        "bookingid": 1812
    },
    {
        "bookingid": 953
    },
    {
        "bookingid": 4423
    },
    {
        "bookingid": 5171
    },
    {
        "bookingid": 1988
    },
    {
        "bookingid": 5583
    },
    {
        "bookingid": 3826
    },
    {
        "bookingid": 5719
    },
    {
        "bookingid": 3766
    },
    {
        "bookingid": 2368
    },
    {
        "bookingid": 3356
    },
    {
        "bookingid": 2596
    },
    {
        "bookingid": 643
    },
    {
        "bookingid": 2214
    },
    {
        "bookingid": 4290
    },
    {
        "bookingid": 4553
    },
    {
        "bookingid": 1284
    },
    {
        "bookingid": 4499
    },
    {
        "bookingid": 1078
    },
    {
        "bookingid": 5444
    },
    {
        "bookingid": 6894
    },
    {
        "bookingid": 2056
    },
    {
        "bookingid": 1893
    },
    {
        "bookingid": 4647
    },
    {
        "bookingid": 4220
    },
    {
        "bookingid": 5391
    },
    {
        "bookingid": 2204
    },
    {
        "bookingid": 2296
    },
    {
        "bookingid": 6199
    },
    {
        "bookingid": 7360
    },
    {
        "bookingid": 2315
    },
    {
        "bookingid": 7183
    },
    {
        "bookingid": 2802
    },
    {
        "bookingid": 4098
    },
    {
        "bookingid": 1405
    },
    {
        "bookingid": 6571
    },
    {
        "bookingid": 165
    },
    {
        "bookingid": 1977
    },
    {
        "bookingid": 3893
    },
    {
        "bookingid": 6814
    },
    {
        "bookingid": 2297
    },
    {
        "bookingid": 2038
    },
    {
        "bookingid": 7393
    },
    {
        "bookingid": 3922
    },
    {
        "bookingid": 4033
    },
    {
        "bookingid": 7445
    },
    {
        "bookingid": 5441
    },
    {
        "bookingid": 2778
    },
    {
        "bookingid": 3095
    },
    {
        "bookingid": 101
    },
    {
        "bookingid": 321
    },
    {
        "bookingid": 33
    },
    {
        "bookingid": 3043
    },
    {
        "bookingid": 2073
    },
    {
        "bookingid": 1881
    },
    {
        "bookingid": 5273
    },
    {
        "bookingid": 2179
    },
    {
        "bookingid": 1207
    },
    {
        "bookingid": 7228
    },
    {
        "bookingid": 4607
    },
    {
        "bookingid": 4826
    },
    {
        "bookingid": 4684
    },
    {
        "bookingid": 2584
    },
    {
        "bookingid": 6180
    },
    {
        "bookingid": 5247
    },
    {
        "bookingid": 6130
    },
    {
        "bookingid": 3464
    },
    {
        "bookingid": 4519
    },
    {
        "bookingid": 539
    },
    {
        "bookingid": 6709
    },
    {
        "bookingid": 5663
    },
    {
        "bookingid": 6158
    },
    {
        "bookingid": 1611
    },
    {
        "bookingid": 3980
    },
    {
        "bookingid": 1826
    },
    {
        "bookingid": 6556
    },
    {
        "bookingid": 7330
    },
    {
        "bookingid": 5407
    },
    {
        "bookingid": 2003
    },
    {
        "bookingid": 4478
    },
    {
        "bookingid": 4632
    },
    {
        "bookingid": 5792
    },
    {
        "bookingid": 5728
    },
    {
        "bookingid": 6771
    },
    {
        "bookingid": 3071
    },
    {
        "bookingid": 3099
    },
    {
        "bookingid": 6118
    },
    {
        "bookingid": 6349
    },
    {
        "bookingid": 3032
    },
    {
        "bookingid": 6047
    },
    {
        "bookingid": 290
    },
    {
        "bookingid": 6811
    },
    {
        "bookingid": 2462
    },
    {
        "bookingid": 963
    },
    {
        "bookingid": 5060
    },
    {
        "bookingid": 1621
    },
    {
        "bookingid": 559
    },
    {
        "bookingid": 2002
    },
    {
        "bookingid": 1234
    },
    {
        "bookingid": 5436
    },
    {
        "bookingid": 4900
    },
    {
        "bookingid": 904
    },
    {
        "bookingid": 41
    },
    {
        "bookingid": 6320
    },
    {
        "bookingid": 32
    },
    {
        "bookingid": 3881
    },
    {
        "bookingid": 1192
    },
    {
        "bookingid": 4407
    },
    {
        "bookingid": 817
    },
    {
        "bookingid": 6910
    },
    {
        "bookingid": 7416
    },
    {
        "bookingid": 2910
    },
    {
        "bookingid": 6153
    },
    {
        "bookingid": 6754
    },
    {
        "bookingid": 4738
    },
    {
        "bookingid": 4886
    },
    {
        "bookingid": 2711
    },
    {
        "bookingid": 7234
    },
    {
        "bookingid": 458
    },
    {
        "bookingid": 5385
    },
    {
        "bookingid": 4137
    },
    {
        "bookingid": 6382
    },
    {
        "bookingid": 2455
    },
    {
        "bookingid": 5851
    },
    {
        "bookingid": 5072
    },
    {
        "bookingid": 5409
    },
    {
        "bookingid": 347
    },
    {
        "bookingid": 2900
    },
    {
        "bookingid": 2643
    },
    {
        "bookingid": 6694
    },
    {
        "bookingid": 1246
    },
    {
        "bookingid": 6161
    },
    {
        "bookingid": 2851
    },
    {
        "bookingid": 1645
    },
    {
        "bookingid": 6764
    },
    {
        "bookingid": 5099
    },
    {
        "bookingid": 1034
    },
    {
        "bookingid": 3731
    },
    {
        "bookingid": 2535
    },
    {
        "bookingid": 1811
    },
    {
        "bookingid": 106
    },
    {
        "bookingid": 5308
    },
    {
        "bookingid": 3539
    },
    {
        "bookingid": 1955
    },
    {
        "bookingid": 4457
    },
    {
        "bookingid": 95
    },
    {
        "bookingid": 1942
    },
    {
        "bookingid": 5104
    },
    {
        "bookingid": 2846
    },
    {
        "bookingid": 5523
    },
    {
        "bookingid": 1717
    },
    {
        "bookingid": 3507
    },
    {
        "bookingid": 1914
    },
    {
        "bookingid": 3692
    },
    {
        "bookingid": 1434
    },
    {
        "bookingid": 536
    },
    {
        "bookingid": 2231
    },
    {
        "bookingid": 3434
    },
    {
        "bookingid": 5169
    },
    {
        "bookingid": 1895
    },
    {
        "bookingid": 3534
    },
    {
        "bookingid": 5722
    },
    {
        "bookingid": 5414
    },
    {
        "bookingid": 4588
    },
    {
        "bookingid": 2849
    },
    {
        "bookingid": 2925
    },
    {
        "bookingid": 4408
    },
    {
        "bookingid": 2655
    },
    {
        "bookingid": 4653
    },
    {
        "bookingid": 957
    },
    {
        "bookingid": 461
    },
    {
        "bookingid": 23
    },
    {
        "bookingid": 4561
    },
    {
        "bookingid": 2225
    },
    {
        "bookingid": 4337
    },
    {
        "bookingid": 3542
    },
    {
        "bookingid": 7401
    },
    {
        "bookingid": 902
    },
    {
        "bookingid": 3540
    },
    {
        "bookingid": 4494
    },
    {
        "bookingid": 3439
    },
    {
        "bookingid": 4024
    },
    {
        "bookingid": 4399
    },
    {
        "bookingid": 995
    },
    {
        "bookingid": 1787
    },
    {
        "bookingid": 6550
    },
    {
        "bookingid": 3353
    },
    {
        "bookingid": 6538
    },
    {
        "bookingid": 4492
    },
    {
        "bookingid": 127
    },
    {
        "bookingid": 4007
    },
    {
        "bookingid": 3517
    },
    {
        "bookingid": 5355
    },
    {
        "bookingid": 2628
    },
    {
        "bookingid": 5015
    },
    {
        "bookingid": 2041
    },
    {
        "bookingid": 7355
    },
    {
        "bookingid": 709
    },
    {
        "bookingid": 2918
    },
    {
        "bookingid": 919
    },
    {
        "bookingid": 3666
    },
    {
        "bookingid": 803
    },
    {
        "bookingid": 5473
    },
    {
        "bookingid": 3565
    },
    {
        "bookingid": 2689
    },
    {
        "bookingid": 6763
    },
    {
        "bookingid": 3110
    },
    {
        "bookingid": 3824
    },
    {
        "bookingid": 3492
    },
    {
        "bookingid": 5362
    },
    {
        "bookingid": 3072
    },
    {
        "bookingid": 4143
    },
    {
        "bookingid": 6189
    },
    {
        "bookingid": 3230
    },
    {
        "bookingid": 4157
    },
    {
        "bookingid": 4640
    },
    {
        "bookingid": 4362
    },
    {
        "bookingid": 4182
    },
    {
        "bookingid": 7133
    },
    {
        "bookingid": 3900
    },
    {
        "bookingid": 1455
    },
    {
        "bookingid": 381
    },
    {
        "bookingid": 1265
    },
    {
        "bookingid": 3376
    },
    {
        "bookingid": 5641
    },
    {
        "bookingid": 4080
    },
    {
        "bookingid": 5766
    },
    {
        "bookingid": 5301
    },
    {
        "bookingid": 6890
    },
    {
        "bookingid": 2670
    },
    {
        "bookingid": 5833
    },
    {
        "bookingid": 4760
    },
    {
        "bookingid": 3520
    },
    {
        "bookingid": 5274
    },
    {
        "bookingid": 3393
    },
    {
        "bookingid": 3711
    },
    {
        "bookingid": 1886
    },
    {
        "bookingid": 2824
    },
    {
        "bookingid": 1760
    },
    {
        "bookingid": 3167
    },
    {
        "bookingid": 2351
    },
    {
        "bookingid": 5477
    },
    {
        "bookingid": 3016
    },
    {
        "bookingid": 6975
    },
    {
        "bookingid": 1177
    },
    {
        "bookingid": 6869
    },
    {
        "bookingid": 462
    },
    {
        "bookingid": 6143
    },
    {
        "bookingid": 693
    },
    {
        "bookingid": 2503
    },
    {
        "bookingid": 876
    },
    {
        "bookingid": 7209
    },
    {
        "bookingid": 6835
    },
    {
        "bookingid": 4594
    },
    {
        "bookingid": 5112
    },
    {
        "bookingid": 3134
    },
    {
        "bookingid": 4966
    },
    {
        "bookingid": 6470
    },
    {
        "bookingid": 383
    },
    {
        "bookingid": 670
    },
    {
        "bookingid": 2219
    },
    {
        "bookingid": 2988
    },
    {
        "bookingid": 4539
    },
    {
        "bookingid": 2576
    },
    {
        "bookingid": 1029
    },
    {
        "bookingid": 4656
    },
    {
        "bookingid": 3675
    },
    {
        "bookingid": 6989
    },
    {
        "bookingid": 487
    },
    {
        "bookingid": 6963
    },
    {
        "bookingid": 7288
    },
    {
        "bookingid": 1606
    },
    {
        "bookingid": 204
    },
    {
        "bookingid": 398
    },
    {
        "bookingid": 638
    },
    {
        "bookingid": 7007
    },
    {
        "bookingid": 4328
    },
    {
        "bookingid": 4405
    },
    {
        "bookingid": 5367
    },
    {
        "bookingid": 5794
    },
    {
        "bookingid": 5725
    },
    {
        "bookingid": 3370
    },
    {
        "bookingid": 1591
    },
    {
        "bookingid": 714
    },
    {
        "bookingid": 1772
    },
    {
        "bookingid": 4231
    },
    {
        "bookingid": 6518
    },
    {
        "bookingid": 1214
    },
    {
        "bookingid": 5340
    },
    {
        "bookingid": 3176
    },
    {
        "bookingid": 4200
    },
    {
        "bookingid": 2208
    },
    {
        "bookingid": 3435
    },
    {
        "bookingid": 3908
    },
    {
        "bookingid": 2665
    },
    {
        "bookingid": 5767
    },
    {
        "bookingid": 5000
    },
    {
        "bookingid": 6116
    },
    {
        "bookingid": 2459
    },
    {
        "bookingid": 3633
    },
    {
        "bookingid": 1922
    },
    {
        "bookingid": 4913
    },
    {
        "bookingid": 499
    },
    {
        "bookingid": 5775
    },
    {
        "bookingid": 3589
    },
    {
        "bookingid": 289
    },
    {
        "bookingid": 6933
    },
    {
        "bookingid": 2091
    },
    {
        "bookingid": 5258
    },
    {
        "bookingid": 4198
    },
    {
        "bookingid": 4577
    },
    {
        "bookingid": 6962
    },
    {
        "bookingid": 541
    },
    {
        "bookingid": 3470
    },
    {
        "bookingid": 1352
    },
    {
        "bookingid": 7161
    },
    {
        "bookingid": 4074
    },
    {
        "bookingid": 7307
    },
    {
        "bookingid": 1687
    },
    {
        "bookingid": 3914
    },
    {
        "bookingid": 1160
    },
    {
        "bookingid": 5687
    },
    {
        "bookingid": 6115
    },
    {
        "bookingid": 6223
    },
    {
        "bookingid": 1742
    },
    {
        "bookingid": 1585
    },
    {
        "bookingid": 6752
    },
    {
        "bookingid": 5100
    },
    {
        "bookingid": 7104
    },
    {
        "bookingid": 7243
    },
    {
        "bookingid": 7024
    },
    {
        "bookingid": 306
    },
    {
        "bookingid": 2837
    },
    {
        "bookingid": 3812
    },
    {
        "bookingid": 405
    },
    {
        "bookingid": 3624
    },
    {
        "bookingid": 3904
    },
    {
        "bookingid": 4916
    },
    {
        "bookingid": 2788
    },
    {
        "bookingid": 3846
    },
    {
        "bookingid": 4536
    },
    {
        "bookingid": 6477
    },
    {
        "bookingid": 2921
    },
    {
        "bookingid": 2317
    },
    {
        "bookingid": 3166
    },
    {
        "bookingid": 3291
    },
    {
        "bookingid": 936
    },
    {
        "bookingid": 4360
    },
    {
        "bookingid": 5211
    },
    {
        "bookingid": 3820
    },
    {
        "bookingid": 2174
    },
    {
        "bookingid": 1502
    },
    {
        "bookingid": 3406
    },
    {
        "bookingid": 5037
    },
    {
        "bookingid": 378
    },
    {
        "bookingid": 1488
    },
    {
        "bookingid": 3604
    },
    {
        "bookingid": 4551
    },
    {
        "bookingid": 4453
    },
    {
        "bookingid": 2577
    },
    {
        "bookingid": 5224
    },
    {
        "bookingid": 4700
    },
    {
        "bookingid": 3302
    },
    {
        "bookingid": 6673
    },
    {
        "bookingid": 9
    },
    {
        "bookingid": 3871
    },
    {
        "bookingid": 1612
    },
    {
        "bookingid": 3189
    },
    {
        "bookingid": 3960
    },
    {
        "bookingid": 574
    },
    {
        "bookingid": 5073
    },
    {
        "bookingid": 7176
    },
    {
        "bookingid": 681
    },
    {
        "bookingid": 4166
    },
    {
        "bookingid": 6760
    },
    {
        "bookingid": 3775
    },
    {
        "bookingid": 7198
    },
    {
        "bookingid": 7405
    },
    {
        "bookingid": 1665
    },
    {
        "bookingid": 6004
    },
    {
        "bookingid": 2395
    },
    {
        "bookingid": 2722
    },
    {
        "bookingid": 1838
    },
    {
        "bookingid": 5495
    },
    {
        "bookingid": 5631
    },
    {
        "bookingid": 7262
    },
    {
        "bookingid": 2528
    },
    {
        "bookingid": 320
    },
    {
        "bookingid": 6148
    },
    {
        "bookingid": 3810
    },
    {
        "bookingid": 3174
    },
    {
        "bookingid": 4225
    },
    {
        "bookingid": 4947
    },
    {
        "bookingid": 1734
    },
    {
        "bookingid": 193
    },
    {
        "bookingid": 6992
    },
    {
        "bookingid": 2927
    },
    {
        "bookingid": 5574
    },
    {
        "bookingid": 4683
    },
    {
        "bookingid": 5532
    },
    {
        "bookingid": 5797
    },
    {
        "bookingid": 5862
    },
    {
        "bookingid": 1835
    },
    {
        "bookingid": 161
    },
    {
        "bookingid": 2533
    },
    {
        "bookingid": 5179
    },
    {
        "bookingid": 2248
    },
    {
        "bookingid": 3932
    },
    {
        "bookingid": 4208
    },
    {
        "bookingid": 5584
    },
    {
        "bookingid": 7298
    },
    {
        "bookingid": 5887
    },
    {
        "bookingid": 4568
    },
    {
        "bookingid": 5817
    },
    {
        "bookingid": 6742
    },
    {
        "bookingid": 357
    },
    {
        "bookingid": 5613
    },
    {
        "bookingid": 2435
    },
    {
        "bookingid": 2823
    },
    {
        "bookingid": 6799
    },
    {
        "bookingid": 7448
    },
    {
        "bookingid": 6780
    },
    {
        "bookingid": 99
    },
    {
        "bookingid": 1741
    },
    {
        "bookingid": 4021
    },
    {
        "bookingid": 4696
    },
    {
        "bookingid": 1311
    },
    {
        "bookingid": 511
    },
    {
        "bookingid": 7384
    },
    {
        "bookingid": 3491
    },
    {
        "bookingid": 1309
    },
    {
        "bookingid": 4236
    },
    {
        "bookingid": 4486
    },
    {
        "bookingid": 606
    },
    {
        "bookingid": 6541
    },
    {
        "bookingid": 4601
    },
    {
        "bookingid": 749
    },
    {
        "bookingid": 438
    },
    {
        "bookingid": 7023
    },
    {
        "bookingid": 6348
    },
    {
        "bookingid": 6980
    },
    {
        "bookingid": 210
    },
    {
        "bookingid": 5061
    },
    {
        "bookingid": 2283
    },
    {
        "bookingid": 6929
    },
    {
        "bookingid": 3987
    },
    {
        "bookingid": 4764
    },
    {
        "bookingid": 2396
    },
    {
        "bookingid": 1218
    },
    {
        "bookingid": 6040
    },
    {
        "bookingid": 1732
    },
    {
        "bookingid": 4546
    },
    {
        "bookingid": 6046
    },
    {
        "bookingid": 5116
    },
    {
        "bookingid": 2474
    },
    {
        "bookingid": 5174
    },
    {
        "bookingid": 1357
    },
    {
        "bookingid": 7429
    },
    {
        "bookingid": 785
    },
    {
        "bookingid": 4447
    },
    {
        "bookingid": 4276
    },
    {
        "bookingid": 241
    },
    {
        "bookingid": 5360
    },
    {
        "bookingid": 4956
    },
    {
        "bookingid": 3425
    },
    {
        "bookingid": 154
    },
    {
        "bookingid": 4602
    },
    {
        "bookingid": 6590
    },
    {
        "bookingid": 2592
    },
    {
        "bookingid": 5219
    },
    {
        "bookingid": 25
    },
    {
        "bookingid": 6288
    },
    {
        "bookingid": 1725
    },
    {
        "bookingid": 3195
    },
    {
        "bookingid": 3040
    },
    {
        "bookingid": 7204
    },
    {
        "bookingid": 537
    },
    {
        "bookingid": 3937
    },
    {
        "bookingid": 4901
    },
    {
        "bookingid": 5877
    },
    {
        "bookingid": 5012
    },
    {
        "bookingid": 1154
    },
    {
        "bookingid": 5295
    },
    {
        "bookingid": 7224
    },
    {
        "bookingid": 4268
    },
    {
        "bookingid": 2897
    },
    {
        "bookingid": 7283
    },
    {
        "bookingid": 2922
    },
    {
        "bookingid": 1138
    },
    {
        "bookingid": 1430
    },
    {
        "bookingid": 2305
    },
    {
        "bookingid": 170
    },
    {
        "bookingid": 1616
    },
    {
        "bookingid": 72
    },
    {
        "bookingid": 7326
    },
    {
        "bookingid": 2992
    },
    {
        "bookingid": 660
    },
    {
        "bookingid": 5307
    },
    {
        "bookingid": 4617
    },
    {
        "bookingid": 6702
    },
    {
        "bookingid": 5668
    },
    {
        "bookingid": 5648
    },
    {
        "bookingid": 7123
    },
    {
        "bookingid": 6091
    },
    {
        "bookingid": 6128
    },
    {
        "bookingid": 1248
    },
    {
        "bookingid": 1883
    },
    {
        "bookingid": 6914
    },
    {
        "bookingid": 6406
    },
    {
        "bookingid": 5271
    },
    {
        "bookingid": 6165
    },
    {
        "bookingid": 6270
    },
    {
        "bookingid": 36
    },
    {
        "bookingid": 3428
    },
    {
        "bookingid": 3219
    },
    {
        "bookingid": 5412
    },
    {
        "bookingid": 6482
    },
    {
        "bookingid": 3874
    },
    {
        "bookingid": 1536
    },
    {
        "bookingid": 4855
    },
    {
        "bookingid": 5404
    },
    {
        "bookingid": 4170
    },
    {
        "bookingid": 5346
    },
    {
        "bookingid": 4651
    },
    {
        "bookingid": 4865
    },
    {
        "bookingid": 1653
    },
    {
        "bookingid": 7172
    },
    {
        "bookingid": 77
    },
    {
        "bookingid": 3315
    },
    {
        "bookingid": 4237
    },
    {
        "bookingid": 4168
    },
    {
        "bookingid": 6897
    },
    {
        "bookingid": 1668
    },
    {
        "bookingid": 5417
    },
    {
        "bookingid": 897
    },
    {
        "bookingid": 1652
    },
    {
        "bookingid": 5445
    },
    {
        "bookingid": 6908
    },
    {
        "bookingid": 813
    },
    {
        "bookingid": 79
    },
    {
        "bookingid": 4840
    },
    {
        "bookingid": 1356
    },
    {
        "bookingid": 4142
    },
    {
        "bookingid": 4372
    },
    {
        "bookingid": 1320
    },
    {
        "bookingid": 6106
    },
    {
        "bookingid": 3990
    },
    {
        "bookingid": 3106
    },
    {
        "bookingid": 513
    },
    {
        "bookingid": 3381
    },
    {
        "bookingid": 6387
    },
    {
        "bookingid": 1932
    },
    {
        "bookingid": 7278
    },
    {
        "bookingid": 2580
    },
    {
        "bookingid": 4059
    },
    {
        "bookingid": 2035
    },
    {
        "bookingid": 4257
    },
    {
        "bookingid": 4914
    },
    {
        "bookingid": 7030
    },
    {
        "bookingid": 1037
    },
    {
        "bookingid": 639
    },
    {
        "bookingid": 329
    },
    {
        "bookingid": 3375
    },
    {
        "bookingid": 2889
    },
    {
        "bookingid": 5140
    },
    {
        "bookingid": 5476
    },
    {
        "bookingid": 5305
    },
    {
        "bookingid": 4154
    },
    {
        "bookingid": 2546
    },
    {
        "bookingid": 5048
    },
    {
        "bookingid": 469
    },
    {
        "bookingid": 1073
    },
    {
        "bookingid": 735
    },
    {
        "bookingid": 1479
    },
    {
        "bookingid": 302
    },
    {
        "bookingid": 4284
    },
    {
        "bookingid": 3037
    },
    {
        "bookingid": 1217
    },
    {
        "bookingid": 5857
    },
    {
        "bookingid": 2040
    },
    {
        "bookingid": 3066
    },
    {
        "bookingid": 2215
    },
    {
        "bookingid": 6284
    },
    {
        "bookingid": 118
    },
    {
        "bookingid": 5105
    },
    {
        "bookingid": 298
    },
    {
        "bookingid": 1092
    },
    {
        "bookingid": 3544
    },
    {
        "bookingid": 2481
    },
    {
        "bookingid": 389
    },
    {
        "bookingid": 4595
    },
    {
        "bookingid": 5102
    },
    {
        "bookingid": 1756
    },
    {
        "bookingid": 1692
    },
    {
        "bookingid": 3264
    },
    {
        "bookingid": 6839
    },
    {
        "bookingid": 7005
    },
    {
        "bookingid": 2196
    },
    {
        "bookingid": 1972
    },
    {
        "bookingid": 7236
    },
    {
        "bookingid": 3019
    },
    {
        "bookingid": 5958
    },
    {
        "bookingid": 2445
    },
    {
        "bookingid": 1998
    },
    {
        "bookingid": 4427
    },
    {
        "bookingid": 4389
    },
    {
        "bookingid": 4156
    },
    {
        "bookingid": 2680
    },
    {
        "bookingid": 4285
    },
    {
        "bookingid": 6652
    },
    {
        "bookingid": 2354
    },
    {
        "bookingid": 6097
    },
    {
        "bookingid": 3837
    },
    {
        "bookingid": 4624
    },
    {
        "bookingid": 4754
    },
    {
        "bookingid": 667
    },
    {
        "bookingid": 7420
    },
    {
        "bookingid": 5621
    },
    {
        "bookingid": 1660
    },
    {
        "bookingid": 3999
    },
    {
        "bookingid": 1500
    },
    {
        "bookingid": 2413
    },
    {
        "bookingid": 7211
    },
    {
        "bookingid": 3284
    },
    {
        "bookingid": 521
    },
    {
        "bookingid": 3684
    },
    {
        "bookingid": 3707
    },
    {
        "bookingid": 548
    },
    {
        "bookingid": 5196
    },
    {
        "bookingid": 7027
    },
    {
        "bookingid": 3510
    },
    {
        "bookingid": 364
    },
    {
        "bookingid": 2349
    },
    {
        "bookingid": 2715
    },
    {
        "bookingid": 1878
    },
    {
        "bookingid": 6813
    },
    {
        "bookingid": 5044
    },
    {
        "bookingid": 6203
    },
    {
        "bookingid": 2397
    },
    {
        "bookingid": 1600
    },
    {
        "bookingid": 985
    },
    {
        "bookingid": 423
    },
    {
        "bookingid": 2600
    },
    {
        "bookingid": 6299
    },
    {
        "bookingid": 2444
    },
    {
        "bookingid": 2935
    },
    {
        "bookingid": 5051
    },
    {
        "bookingid": 7230
    },
    {
        "bookingid": 2024
    },
    {
        "bookingid": 1799
    },
    {
        "bookingid": 1268
    },
    {
        "bookingid": 1607
    },
    {
        "bookingid": 7411
    },
    {
        "bookingid": 6083
    },
    {
        "bookingid": 2
    },
    {
        "bookingid": 5525
    },
    {
        "bookingid": 5246
    },
    {
        "bookingid": 300
    },
    {
        "bookingid": 7310
    },
    {
        "bookingid": 3739
    },
    {
        "bookingid": 5043
    },
    {
        "bookingid": 1313
    },
    {
        "bookingid": 2536
    },
    {
        "bookingid": 1810
    },
    {
        "bookingid": 205
    },
    {
        "bookingid": 3590
    },
    {
        "bookingid": 6469
    },
    {
        "bookingid": 4254
    },
    {
        "bookingid": 5920
    },
    {
        "bookingid": 3636
    },
    {
        "bookingid": 633
    },
    {
        "bookingid": 5655
    },
    {
        "bookingid": 978
    },
    {
        "bookingid": 593
    },
    {
        "bookingid": 5923
    },
    {
        "bookingid": 322
    },
    {
        "bookingid": 870
    },
    {
        "bookingid": 2274
    },
    {
        "bookingid": 4
    },
    {
        "bookingid": 4969
    },
    {
        "bookingid": 4660
    },
    {
        "bookingid": 7380
    },
    {
        "bookingid": 6367
    },
    {
        "bookingid": 4881
    },
    {
        "bookingid": 7258
    },
    {
        "bookingid": 4893
    },
    {
        "bookingid": 3991
    },
    {
        "bookingid": 3074
    },
    {
        "bookingid": 5377
    },
    {
        "bookingid": 5666
    },
    {
        "bookingid": 4188
    },
    {
        "bookingid": 5460
    },
    {
        "bookingid": 2332
    },
    {
        "bookingid": 782
    },
    {
        "bookingid": 2111
    },
    {
        "bookingid": 3245
    },
    {
        "bookingid": 7315
    },
    {
        "bookingid": 1596
    },
    {
        "bookingid": 37
    },
    {
        "bookingid": 4811
    },
    {
        "bookingid": 7050
    },
    {
        "bookingid": 6947
    },
    {
        "bookingid": 3764
    },
    {
        "bookingid": 5446
    },
    {
        "bookingid": 6830
    },
    {
        "bookingid": 3548
    },
    {
        "bookingid": 6737
    },
    {
        "bookingid": 3518
    },
    {
        "bookingid": 5329
    },
    {
        "bookingid": 2845
    },
    {
        "bookingid": 1857
    },
    {
        "bookingid": 6193
    },
    {
        "bookingid": 1247
    },
    {
        "bookingid": 6716
    },
    {
        "bookingid": 6976
    },
    {
        "bookingid": 3248
    },
    {
        "bookingid": 2414
    },
    {
        "bookingid": 4968
    },
    {
        "bookingid": 3800
    },
    {
        "bookingid": 6341
    },
    {
        "bookingid": 4041
    },
    {
        "bookingid": 2707
    },
    {
        "bookingid": 5285
    },
    {
        "bookingid": 2147
    },
    {
        "bookingid": 4742
    },
    {
        "bookingid": 1702
    },
    {
        "bookingid": 2072
    },
    {
        "bookingid": 4745
    },
    {
        "bookingid": 3279
    },
    {
        "bookingid": 3977
    },
    {
        "bookingid": 4989
    },
    {
        "bookingid": 746
    },
    {
        "bookingid": 2791
    },
    {
        "bookingid": 5680
    },
    {
        "bookingid": 2057
    },
    {
        "bookingid": 2065
    },
    {
        "bookingid": 567
    },
    {
        "bookingid": 4255
    },
    {
        "bookingid": 3017
    },
    {
        "bookingid": 6088
    },
    {
        "bookingid": 3776
    },
    {
        "bookingid": 7259
    },
    {
        "bookingid": 264
    },
    {
        "bookingid": 2198
    },
    {
        "bookingid": 5653
    },
    {
        "bookingid": 5876
    },
    {
        "bookingid": 3306
    },
    {
        "bookingid": 6242
    },
    {
        "bookingid": 6990
    },
    {
        "bookingid": 1992
    },
    {
        "bookingid": 6465
    },
    {
        "bookingid": 1850
    },
    {
        "bookingid": 851
    },
    {
        "bookingid": 3906
    },
    {
        "bookingid": 4787
    },
    {
        "bookingid": 3307
    },
    {
        "bookingid": 5032
    },
    {
        "bookingid": 3954
    },
    {
        "bookingid": 2270
    },
    {
        "bookingid": 1189
    },
    {
        "bookingid": 5164
    },
    {
        "bookingid": 4424
    },
    {
        "bookingid": 1866
    },
    {
        "bookingid": 5433
    },
    {
        "bookingid": 65
    },
    {
        "bookingid": 1109
    },
    {
        "bookingid": 3237
    },
    {
        "bookingid": 615
    },
    {
        "bookingid": 1341
    },
    {
        "bookingid": 3722
    },
    {
        "bookingid": 2268
    },
    {
        "bookingid": 6824
    },
    {
        "bookingid": 6196
    },
    {
        "bookingid": 3941
    },
    {
        "bookingid": 5242
    },
    {
        "bookingid": 2815
    },
    {
        "bookingid": 5251
    },
    {
        "bookingid": 3147
    },
    {
        "bookingid": 4019
    },
    {
        "bookingid": 5501
    },
    {
        "bookingid": 4333
    },
    {
        "bookingid": 6681
    },
    {
        "bookingid": 7169
    },
    {
        "bookingid": 2677
    },
    {
        "bookingid": 1746
    },
    {
        "bookingid": 4210
    },
    {
        "bookingid": 948
    },
    {
        "bookingid": 1298
    },
    {
        "bookingid": 854
    },
    {
        "bookingid": 5042
    },
    {
        "bookingid": 1396
    },
    {
        "bookingid": 5098
    },
    {
        "bookingid": 3477
    },
    {
        "bookingid": 4799
    },
    {
        "bookingid": 1952
    },
    {
        "bookingid": 2434
    },
    {
        "bookingid": 3760
    },
    {
        "bookingid": 2610
    },
    {
        "bookingid": 2829
    },
    {
        "bookingid": 5145
    },
    {
        "bookingid": 857
    },
    {
        "bookingid": 31
    },
    {
        "bookingid": 6664
    },
    {
        "bookingid": 4667
    },
    {
        "bookingid": 4344
    },
    {
        "bookingid": 2890
    },
    {
        "bookingid": 1484
    },
    {
        "bookingid": 270
    },
    {
        "bookingid": 6867
    },
    {
        "bookingid": 3199
    },
    {
        "bookingid": 2213
    },
    {
        "bookingid": 2541
    },
    {
        "bookingid": 1270
    },
    {
        "bookingid": 543
    },
    {
        "bookingid": 4549
    },
    {
        "bookingid": 5503
    },
    {
        "bookingid": 3690
    },
    {
        "bookingid": 6888
    },
    {
        "bookingid": 1926
    },
    {
        "bookingid": 4567
    },
    {
        "bookingid": 1637
    },
    {
        "bookingid": 4830
    },
    {
        "bookingid": 4136
    },
    {
        "bookingid": 6416
    },
    {
        "bookingid": 1440
    },
    {
        "bookingid": 3029
    },
    {
        "bookingid": 4037
    },
    {
        "bookingid": 7453
    },
    {
        "bookingid": 315
    },
    {
        "bookingid": 3227
    },
    {
        "bookingid": 2055
    },
    {
        "bookingid": 5867
    },
    {
        "bookingid": 7103
    },
    {
        "bookingid": 7071
    },
    {
        "bookingid": 5865
    },
    {
        "bookingid": 1719
    },
    {
        "bookingid": 2405
    },
    {
        "bookingid": 5135
    },
    {
        "bookingid": 6315
    },
    {
        "bookingid": 2672
    },
    {
        "bookingid": 3379
    },
    {
        "bookingid": 5167
    },
    {
        "bookingid": 525
    },
    {
        "bookingid": 6785
    },
    {
        "bookingid": 855
    },
    {
        "bookingid": 2636
    },
    {
        "bookingid": 1641
    },
    {
        "bookingid": 5086
    },
    {
        "bookingid": 790
    },
    {
        "bookingid": 5260
    },
    {
        "bookingid": 1183
    },
    {
        "bookingid": 5959
    },
    {
        "bookingid": 738
    },
    {
        "bookingid": 3557
    },
    {
        "bookingid": 88
    },
    {
        "bookingid": 5464
    },
    {
        "bookingid": 2197
    },
    {
        "bookingid": 1380
    },
    {
        "bookingid": 1047
    },
    {
        "bookingid": 5443
    },
    {
        "bookingid": 6662
    },
    {
        "bookingid": 168
    },
    {
        "bookingid": 4011
    },
    {
        "bookingid": 2556
    },
    {
        "bookingid": 5334
    },
    {
        "bookingid": 6769
    },
    {
        "bookingid": 766
    },
    {
        "bookingid": 6715
    },
    {
        "bookingid": 585
    },
    {
        "bookingid": 1832
    },
    {
        "bookingid": 396
    },
    {
        "bookingid": 6674
    },
    {
        "bookingid": 5847
    },
    {
        "bookingid": 3013
    },
    {
        "bookingid": 5869
    },
    {
        "bookingid": 3489
    },
    {
        "bookingid": 4520
    },
    {
        "bookingid": 3552
    },
    {
        "bookingid": 5639
    },
    {
        "bookingid": 733
    },
    {
        "bookingid": 6746
    },
    {
        "bookingid": 126
    },
    {
        "bookingid": 3619
    },
    {
        "bookingid": 6932
    },
    {
        "bookingid": 4438
    },
    {
        "bookingid": 7147
    },
    {
        "bookingid": 5892
    },
    {
        "bookingid": 2080
    },
    {
        "bookingid": 1068
    },
    {
        "bookingid": 2924
    },
    {
        "bookingid": 5392
    },
    {
        "bookingid": 3778
    },
    {
        "bookingid": 2032
    },
    {
        "bookingid": 3266
    },
    {
        "bookingid": 4314
    },
    {
        "bookingid": 5636
    },
    {
        "bookingid": 3444
    },
    {
        "bookingid": 1276
    },
    {
        "bookingid": 6391
    },
    {
        "bookingid": 740
    },
    {
        "bookingid": 1468
    },
    {
        "bookingid": 4068
    },
    {
        "bookingid": 658
    },
    {
        "bookingid": 1572
    },
    {
        "bookingid": 2567
    },
    {
        "bookingid": 1131
    },
    {
        "bookingid": 907
    },
    {
        "bookingid": 4702
    },
    {
        "bookingid": 2589
    },
    {
        "bookingid": 7446
    },
    {
        "bookingid": 3155
    },
    {
        "bookingid": 3041
    },
    {
        "bookingid": 7250
    },
    {
        "bookingid": 2070
    },
    {
        "bookingid": 4801
    },
    {
        "bookingid": 5902
    },
    {
        "bookingid": 5088
    },
    {
        "bookingid": 5709
    },
    {
        "bookingid": 6731
    },
    {
        "bookingid": 425
    },
    {
        "bookingid": 602
    },
    {
        "bookingid": 614
    },
    {
        "bookingid": 5289
    },
    {
        "bookingid": 6074
    },
    {
        "bookingid": 2369
    },
    {
        "bookingid": 2293
    },
    {
        "bookingid": 4890
    },
    {
        "bookingid": 351
    },
    {
        "bookingid": 977
    },
    {
        "bookingid": 7180
    },
    {
        "bookingid": 207
    },
    {
        "bookingid": 7369
    },
    {
        "bookingid": 675
    },
    {
        "bookingid": 1458
    },
    {
        "bookingid": 4084
    },
    {
        "bookingid": 594
    },
    {
        "bookingid": 7127
    },
    {
        "bookingid": 2642
    },
    {
        "bookingid": 1655
    },
    {
        "bookingid": 1708
    },
    {
        "bookingid": 4964
    },
    {
        "bookingid": 5024
    },
    {
        "bookingid": 1516
    },
    {
        "bookingid": 4878
    },
    {
        "bookingid": 736
    },
    {
        "bookingid": 990
    },
    {
        "bookingid": 6244
    },
    {
        "bookingid": 5500
    },
    {
        "bookingid": 5291
    },
    {
        "bookingid": 5852
    },
    {
        "bookingid": 3290
    },
    {
        "bookingid": 1264
    },
    {
        "bookingid": 1917
    },
    {
        "bookingid": 7338
    },
    {
        "bookingid": 183
    },
    {
        "bookingid": 3955
    },
    {
        "bookingid": 2569
    },
    {
        "bookingid": 1748
    },
    {
        "bookingid": 4599
    },
    {
        "bookingid": 1279
    },
    {
        "bookingid": 2649
    },
    {
        "bookingid": 2958
    },
    {
        "bookingid": 3484
    },
    {
        "bookingid": 6736
    },
    {
        "bookingid": 5990
    },
    {
        "bookingid": 2375
    },
    {
        "bookingid": 4988
    },
    {
        "bookingid": 1876
    },
    {
        "bookingid": 7461
    },
    {
        "bookingid": 1039
    },
    {
        "bookingid": 1231
    },
    {
        "bookingid": 951
    },
    {
        "bookingid": 2668
    },
    {
        "bookingid": 2976
    },
    {
        "bookingid": 2674
    },
    {
        "bookingid": 1957
    },
    {
        "bookingid": 5471
    },
    {
        "bookingid": 7285
    },
    {
        "bookingid": 1542
    },
    {
        "bookingid": 2755
    },
    {
        "bookingid": 3229
    },
    {
        "bookingid": 3401
    },
    {
        "bookingid": 5023
    },
    {
        "bookingid": 3009
    },
    {
        "bookingid": 5336
    },
    {
        "bookingid": 5616
    },
    {
        "bookingid": 7428
    },
    {
        "bookingid": 3959
    },
    {
        "bookingid": 1544
    },
    {
        "bookingid": 4306
    },
    {
        "bookingid": 6868
    },
    {
        "bookingid": 1557
    },
    {
        "bookingid": 5257
    },
    {
        "bookingid": 2695
    },
    {
        "bookingid": 1142
    },
    {
        "bookingid": 7190
    },
    {
        "bookingid": 6529
    },
    {
        "bookingid": 6766
    },
    {
        "bookingid": 5627
    },
    {
        "bookingid": 5991
    },
    {
        "bookingid": 2565
    },
    {
        "bookingid": 1226
    },
    {
        "bookingid": 583
    },
    {
        "bookingid": 6327
    },
    {
        "bookingid": 3341
    },
    {
        "bookingid": 3875
    },
    {
        "bookingid": 3254
    },
    {
        "bookingid": 7216
    },
    {
        "bookingid": 7148
    },
    {
        "bookingid": 1923
    },
    {
        "bookingid": 1847
    },
    {
        "bookingid": 2818
    },
    {
        "bookingid": 6364
    },
    {
        "bookingid": 5202
    },
    {
        "bookingid": 7303
    },
    {
        "bookingid": 3603
    },
    {
        "bookingid": 4981
    },
    {
        "bookingid": 2048
    },
    {
        "bookingid": 5926
    },
    {
        "bookingid": 2543
    },
    {
        "bookingid": 4952
    },
    {
        "bookingid": 1062
    },
    {
        "bookingid": 6296
    },
    {
        "bookingid": 899
    },
    {
        "bookingid": 5789
    },
    {
        "bookingid": 50
    },
    {
        "bookingid": 5960
    },
    {
        "bookingid": 4079
    },
    {
        "bookingid": 1299
    },
    {
        "bookingid": 1367
    },
    {
        "bookingid": 4417
    },
    {
        "bookingid": 823
    },
    {
        "bookingid": 6384
    },
    {
        "bookingid": 4727
    },
    {
        "bookingid": 1006
    },
    {
        "bookingid": 4716
    },
    {
        "bookingid": 464
    },
    {
        "bookingid": 3524
    },
    {
        "bookingid": 3270
    },
    {
        "bookingid": 2187
    },
    {
        "bookingid": 3377
    },
    {
        "bookingid": 879
    },
    {
        "bookingid": 3076
    },
    {
        "bookingid": 3790
    },
    {
        "bookingid": 1005
    },
    {
        "bookingid": 1570
    },
    {
        "bookingid": 3157
    },
    {
        "bookingid": 974
    },
    {
        "bookingid": 598
    },
    {
        "bookingid": 4511
    },
    {
        "bookingid": 4442
    },
    {
        "bookingid": 2705
    },
    {
        "bookingid": 2562
    },
    {
        "bookingid": 881
    },
    {
        "bookingid": 1212
    },
    {
        "bookingid": 1063
    },
    {
        "bookingid": 682
    },
    {
        "bookingid": 2842
    },
    {
        "bookingid": 4938
    },
    {
        "bookingid": 497
    },
    {
        "bookingid": 1013
    },
    {
        "bookingid": 1174
    },
    {
        "bookingid": 7241
    },
    {
        "bookingid": 244
    },
    {
        "bookingid": 186
    },
    {
        "bookingid": 1583
    },
    {
        "bookingid": 6973
    },
    {
        "bookingid": 6641
    },
    {
        "bookingid": 212
    },
    {
        "bookingid": 3967
    },
    {
        "bookingid": 6611
    },
    {
        "bookingid": 2840
    },
    {
        "bookingid": 1590
    },
    {
        "bookingid": 137
    },
    {
        "bookingid": 7350
    },
    {
        "bookingid": 2124
    },
    {
        "bookingid": 4517
    },
    {
        "bookingid": 7455
    },
    {
        "bookingid": 6369
    },
    {
        "bookingid": 5275
    },
    {
        "bookingid": 4505
    },
    {
        "bookingid": 59
    },
    {
        "bookingid": 1483
    },
    {
        "bookingid": 1644
    },
    {
        "bookingid": 5010
    },
    {
        "bookingid": 4353
    },
    {
        "bookingid": 5915
    },
    {
        "bookingid": 4903
    },
    {
        "bookingid": 7094
    },
    {
        "bookingid": 3272
    },
    {
        "bookingid": 6066
    },
    {
        "bookingid": 218
    },
    {
        "bookingid": 1615
    },
    {
        "bookingid": 6062
    },
    {
        "bookingid": 6722
    },
    {
        "bookingid": 5968
    },
    {
        "bookingid": 2475
    },
    {
        "bookingid": 2919
    },
    {
        "bookingid": 1452
    },
    {
        "bookingid": 1262
    },
    {
        "bookingid": 4880
    },
    {
        "bookingid": 4030
    },
    {
        "bookingid": 4757
    },
    {
        "bookingid": 4598
    },
    {
        "bookingid": 5861
    },
    {
        "bookingid": 2045
    },
    {
        "bookingid": 4851
    },
    {
        "bookingid": 1158
    },
    {
        "bookingid": 3870
    },
    {
        "bookingid": 4241
    },
    {
        "bookingid": 4095
    },
    {
        "bookingid": 6278
    },
    {
        "bookingid": 119
    },
    {
        "bookingid": 2334
    },
    {
        "bookingid": 627
    },
    {
        "bookingid": 3465
    },
    {
        "bookingid": 7059
    },
    {
        "bookingid": 7109
    },
    {
        "bookingid": 7452
    },
    {
        "bookingid": 100
    },
    {
        "bookingid": 5128
    },
    {
        "bookingid": 4687
    },
    {
        "bookingid": 3730
    },
    {
        "bookingid": 3342
    },
    {
        "bookingid": 3972
    },
    {
        "bookingid": 94
    },
    {
        "bookingid": 5450
    },
    {
        "bookingid": 7037
    },
    {
        "bookingid": 5952
    },
    {
        "bookingid": 160
    },
    {
        "bookingid": 788
    },
    {
        "bookingid": 5800
    },
    {
        "bookingid": 6368
    },
    {
        "bookingid": 5022
    },
    {
        "bookingid": 3496
    },
    {
        "bookingid": 4273
    },
    {
        "bookingid": 5480
    },
    {
        "bookingid": 5283
    },
    {
        "bookingid": 3354
    },
    {
        "bookingid": 3331
    },
    {
        "bookingid": 4431
    },
    {
        "bookingid": 1297
    },
    {
        "bookingid": 2416
    },
    {
        "bookingid": 917
    },
    {
        "bookingid": 5657
    },
    {
        "bookingid": 6988
    },
    {
        "bookingid": 4102
    },
    {
        "bookingid": 4934
    },
    {
        "bookingid": 5964
    },
    {
        "bookingid": 5970
    },
    {
        "bookingid": 6730
    },
    {
        "bookingid": 754
    },
    {
        "bookingid": 6
    },
    {
        "bookingid": 4768
    },
    {
        "bookingid": 2428
    },
    {
        "bookingid": 4094
    },
    {
        "bookingid": 3275
    },
    {
        "bookingid": 4877
    },
    {
        "bookingid": 1293
    },
    {
        "bookingid": 5081
    },
    {
        "bookingid": 3002
    },
    {
        "bookingid": 5527
    },
    {
        "bookingid": 250
    },
    {
        "bookingid": 6170
    },
    {
        "bookingid": 6008
    },
    {
        "bookingid": 4267
    },
    {
        "bookingid": 4203
    },
    {
        "bookingid": 2235
    },
    {
        "bookingid": 3204
    },
    {
        "bookingid": 2519
    },
    {
        "bookingid": 3508
    },
    {
        "bookingid": 2718
    },
    {
        "bookingid": 7335
    },
    {
        "bookingid": 3667
    },
    {
        "bookingid": 6994
    },
    {
        "bookingid": 1540
    },
    {
        "bookingid": 4123
    },
    {
        "bookingid": 4648
    },
    {
        "bookingid": 5552
    },
    {
        "bookingid": 3634
    },
    {
        "bookingid": 6562
    },
    {
        "bookingid": 432
    },
    {
        "bookingid": 5571
    },
    {
        "bookingid": 3304
    },
    {
        "bookingid": 5092
    },
    {
        "bookingid": 5317
    },
    {
        "bookingid": 1065
    },
    {
        "bookingid": 6675
    },
    {
        "bookingid": 1864
    },
    {
        "bookingid": 256
    },
    {
        "bookingid": 3596
    },
    {
        "bookingid": 3772
    },
    {
        "bookingid": 7301
    },
    {
        "bookingid": 800
    },
    {
        "bookingid": 1473
    },
    {
        "bookingid": 3077
    },
    {
        "bookingid": 4317
    },
    {
        "bookingid": 5091
    },
    {
        "bookingid": 3848
    },
    {
        "bookingid": 3481
    },
    {
        "bookingid": 391
    },
    {
        "bookingid": 2959
    },
    {
        "bookingid": 413
    },
    {
        "bookingid": 2320
    },
    {
        "bookingid": 491
    },
    {
        "bookingid": 2754
    },
    {
        "bookingid": 7387
    },
    {
        "bookingid": 4759
    },
    {
        "bookingid": 799
    },
    {
        "bookingid": 571
    },
    {
        "bookingid": 4686
    },
    {
        "bookingid": 530
    },
    {
        "bookingid": 4644
    },
    {
        "bookingid": 4603
    },
    {
        "bookingid": 3360
    },
    {
        "bookingid": 5226
    },
    {
        "bookingid": 6905
    },
    {
        "bookingid": 1511
    },
    {
        "bookingid": 6256
    },
    {
        "bookingid": 75
    },
    {
        "bookingid": 2165
    },
    {
        "bookingid": 5966
    },
    {
        "bookingid": 1258
    },
    {
        "bookingid": 4609
    },
    {
        "bookingid": 2167
    },
    {
        "bookingid": 4809
    },
    {
        "bookingid": 3318
    },
    {
        "bookingid": 653
    },
    {
        "bookingid": 176
    },
    {
        "bookingid": 6555
    },
    {
        "bookingid": 3511
    },
    {
        "bookingid": 4715
    },
    {
        "bookingid": 4305
    },
    {
        "bookingid": 6174
    },
    {
        "bookingid": 5505
    },
    {
        "bookingid": 4261
    },
    {
        "bookingid": 4740
    },
    {
        "bookingid": 1091
    },
    {
        "bookingid": 3631
    },
    {
        "bookingid": 591
    },
    {
        "bookingid": 4496
    },
    {
        "bookingid": 7325
    },
    {
        "bookingid": 4889
    },
    {
        "bookingid": 1240
    },
    {
        "bookingid": 871
    },
    {
        "bookingid": 3512
    },
    {
        "bookingid": 3068
    },
    {
        "bookingid": 1149
    },
    {
        "bookingid": 533
    },
    {
        "bookingid": 2892
    },
    {
        "bookingid": 2034
    },
    {
        "bookingid": 7125
    },
    {
        "bookingid": 7396
    },
    {
        "bookingid": 5841
    },
    {
        "bookingid": 3091
    },
    {
        "bookingid": 849
    },
    {
        "bookingid": 130
    },
    {
        "bookingid": 6209
    },
    {
        "bookingid": 5302
    },
    {
        "bookingid": 2989
    },
    {
        "bookingid": 6385
    },
    {
        "bookingid": 7434
    },
    {
        "bookingid": 3351
    },
    {
        "bookingid": 2539
    },
    {
        "bookingid": 4518
    },
    {
        "bookingid": 2977
    },
    {
        "bookingid": 5324
    },
    {
        "bookingid": 3038
    },
    {
        "bookingid": 116
    },
    {
        "bookingid": 3737
    },
    {
        "bookingid": 187
    },
    {
        "bookingid": 1079
    },
    {
        "bookingid": 87
    },
    {
        "bookingid": 5303
    },
    {
        "bookingid": 6023
    },
    {
        "bookingid": 3735
    },
    {
        "bookingid": 5924
    },
    {
        "bookingid": 973
    },
    {
        "bookingid": 6220
    },
    {
        "bookingid": 843
    },
    {
        "bookingid": 5909
    },
    {
        "bookingid": 5807
    },
    {
        "bookingid": 6243
    },
    {
        "bookingid": 4739
    },
    {
        "bookingid": 716
    },
    {
        "bookingid": 628
    },
    {
        "bookingid": 4393
    },
    {
        "bookingid": 717
    },
    {
        "bookingid": 7025
    },
    {
        "bookingid": 4844
    },
    {
        "bookingid": 1599
    },
    {
        "bookingid": 1204
    },
    {
        "bookingid": 1985
    },
    {
        "bookingid": 2053
    },
    {
        "bookingid": 7081
    },
    {
        "bookingid": 1447
    },
    {
        "bookingid": 6659
    },
    {
        "bookingid": 5240
    },
    {
        "bookingid": 151
    },
    {
        "bookingid": 2616
    },
    {
        "bookingid": 6774
    },
    {
        "bookingid": 2766
    },
    {
        "bookingid": 6740
    },
    {
        "bookingid": 91
    },
    {
        "bookingid": 6395
    },
    {
        "bookingid": 2480
    },
    {
        "bookingid": 2339
    },
    {
        "bookingid": 5751
    },
    {
        "bookingid": 5799
    },
    {
        "bookingid": 5843
    },
    {
        "bookingid": 5311
    },
    {
        "bookingid": 3308
    },
    {
        "bookingid": 6800
    },
    {
        "bookingid": 5864
    },
    {
        "bookingid": 2928
    },
    {
        "bookingid": 6960
    },
    {
        "bookingid": 6723
    },
    {
        "bookingid": 1731
    },
    {
        "bookingid": 2979
    },
    {
        "bookingid": 5951
    },
    {
        "bookingid": 2278
    },
    {
        "bookingid": 2853
    },
    {
        "bookingid": 1948
    },
    {
        "bookingid": 422
    },
    {
        "bookingid": 4781
    },
    {
        "bookingid": 6810
    },
    {
        "bookingid": 3085
    },
    {
        "bookingid": 3198
    },
    {
        "bookingid": 5066
    },
    {
        "bookingid": 4334
    },
    {
        "bookingid": 1361
    },
    {
        "bookingid": 2796
    },
    {
        "bookingid": 739
    },
    {
        "bookingid": 4429
    },
    {
        "bookingid": 361
    },
    {
        "bookingid": 962
    },
    {
        "bookingid": 1779
    },
    {
        "bookingid": 4808
    },
    {
        "bookingid": 1765
    },
    {
        "bookingid": 2403
    },
    {
        "bookingid": 4516
    },
    {
        "bookingid": 5401
    },
    {
        "bookingid": 4523
    },
    {
        "bookingid": 4974
    },
    {
        "bookingid": 6340
    },
    {
        "bookingid": 6225
    },
    {
        "bookingid": 5238
    },
    {
        "bookingid": 5
    },
    {
        "bookingid": 4837
    },
    {
        "bookingid": 4654
    },
    {
        "bookingid": 6767
    },
    {
        "bookingid": 5117
    },
    {
        "bookingid": 4378
    },
    {
        "bookingid": 604
    },
    {
        "bookingid": 5770
    },
    {
        "bookingid": 2770
    },
    {
        "bookingid": 6390
    },
    {
        "bookingid": 7282
    },
    {
        "bookingid": 6918
    },
    {
        "bookingid": 3530
    },
    {
        "bookingid": 3878
    },
    {
        "bookingid": 4980
    },
    {
        "bookingid": 6321
    },
    {
        "bookingid": 1104
    },
    {
        "bookingid": 2461
    },
    {
        "bookingid": 3774
    },
    {
        "bookingid": 3317
    },
    {
        "bookingid": 6335
    },
    {
        "bookingid": 2634
    },
    {
        "bookingid": 5661
    },
    {
        "bookingid": 6357
    },
    {
        "bookingid": 318
    },
    {
        "bookingid": 3761
    },
    {
        "bookingid": 2696
    },
    {
        "bookingid": 2529
    },
    {
        "bookingid": 7121
    },
    {
        "bookingid": 140
    },
    {
        "bookingid": 1400
    },
    {
        "bookingid": 7450
    },
    {
        "bookingid": 4666
    },
    {
        "bookingid": 2604
    },
    {
        "bookingid": 1819
    },
    {
        "bookingid": 6458
    },
    {
        "bookingid": 6430
    },
    {
        "bookingid": 3598
    },
    {
        "bookingid": 3696
    },
    {
        "bookingid": 4227
    },
    {
        "bookingid": 1228
    },
    {
        "bookingid": 7150
    },
    {
        "bookingid": 6919
    },
    {
        "bookingid": 5515
    },
    {
        "bookingid": 2093
    },
    {
        "bookingid": 7158
    },
    {
        "bookingid": 3894
    },
    {
        "bookingid": 1331
    },
    {
        "bookingid": 6884
    },
    {
        "bookingid": 3429
    },
    {
        "bookingid": 5742
    },
    {
        "bookingid": 3988
    },
    {
        "bookingid": 5194
    },
    {
        "bookingid": 4197
    },
    {
        "bookingid": 1528
    },
    {
        "bookingid": 4790
    },
    {
        "bookingid": 5013
    },
    {
        "bookingid": 989
    },
    {
        "bookingid": 6750
    },
    {
        "bookingid": 6107
    },
    {
        "bookingid": 4999
    },
    {
        "bookingid": 1961
    },
    {
        "bookingid": 3067
    },
    {
        "bookingid": 7082
    },
    {
        "bookingid": 969
    },
    {
        "bookingid": 2986
    },
    {
        "bookingid": 6595
    },
    {
        "bookingid": 825
    },
    {
        "bookingid": 63
    },
    {
        "bookingid": 1935
    },
    {
        "bookingid": 1704
    },
    {
        "bookingid": 7113
    },
    {
        "bookingid": 1023
    },
    {
        "bookingid": 517
    },
    {
        "bookingid": 5272
    },
    {
        "bookingid": 7112
    },
    {
        "bookingid": 1879
    },
    {
        "bookingid": 1385
    },
    {
        "bookingid": 346
    },
    {
        "bookingid": 1863
    },
    {
        "bookingid": 7370
    },
    {
        "bookingid": 1151
    },
    {
        "bookingid": 726
    },
    {
        "bookingid": 4128
    },
    {
        "bookingid": 2753
    },
    {
        "bookingid": 6865
    },
    {
        "bookingid": 1558
    },
    {
        "bookingid": 4321
    },
    {
        "bookingid": 6982
    },
    {
        "bookingid": 3282
    },
    {
        "bookingid": 1894
    },
    {
        "bookingid": 3865
    },
    {
        "bookingid": 488
    },
    {
        "bookingid": 5855
    },
    {
        "bookingid": 2495
    },
    {
        "bookingid": 2377
    },
    {
        "bookingid": 192
    },
    {
        "bookingid": 5158
    },
    {
        "bookingid": 2460
    },
    {
        "bookingid": 7159
    },
    {
        "bookingid": 4175
    },
    {
        "bookingid": 2551
    },
    {
        "bookingid": 4173
    },
    {
        "bookingid": 3622
    },
    {
        "bookingid": 3033
    },
    {
        "bookingid": 5141
    },
    {
        "bookingid": 844
    },
    {
        "bookingid": 732
    },
    {
        "bookingid": 481
    },
    {
        "bookingid": 1426
    },
    {
        "bookingid": 4610
    },
    {
        "bookingid": 2163
    },
    {
        "bookingid": 7440
    },
    {
        "bookingid": 3467
    },
    {
        "bookingid": 6468
    },
    {
        "bookingid": 768
    },
    {
        "bookingid": 5376
    },
    {
        "bookingid": 5472
    },
    {
        "bookingid": 4860
    },
    {
        "bookingid": 3756
    },
    {
        "bookingid": 5565
    },
    {
        "bookingid": 5697
    },
    {
        "bookingid": 7273
    },
    {
        "bookingid": 3852
    },
    {
        "bookingid": 970
    },
    {
        "bookingid": 5372
    },
    {
        "bookingid": 7333
    },
    {
        "bookingid": 2469
    },
    {
        "bookingid": 2799
    },
    {
        "bookingid": 4145
    },
    {
        "bookingid": 2625
    },
    {
        "bookingid": 822
    },
    {
        "bookingid": 3798
    },
    {
        "bookingid": 6298
    },
    {
        "bookingid": 4104
    },
    {
        "bookingid": 7438
    },
    {
        "bookingid": 5764
    },
    {
        "bookingid": 3736
    },
    {
        "bookingid": 5134
    },
    {
        "bookingid": 3313
    },
    {
        "bookingid": 5492
    },
    {
        "bookingid": 5919
    },
    {
        "bookingid": 6741
    },
    {
        "bookingid": 3433
    },
    {
        "bookingid": 4828
    },
    {
        "bookingid": 945
    },
    {
        "bookingid": 4755
    },
    {
        "bookingid": 5358
    },
    {
        "bookingid": 5485
    },
    {
        "bookingid": 2341
    },
    {
        "bookingid": 5279
    },
    {
        "bookingid": 1800
    },
    {
        "bookingid": 664
    },
    {
        "bookingid": 924
    },
    {
        "bookingid": 1566
    },
    {
        "bookingid": 2415
    },
    {
        "bookingid": 5529
    },
    {
        "bookingid": 2697
    },
    {
        "bookingid": 1306
    },
    {
        "bookingid": 1021
    },
    {
        "bookingid": 2781
    },
    {
        "bookingid": 230
    },
    {
        "bookingid": 1106
    },
    {
        "bookingid": 3113
    },
    {
        "bookingid": 4193
    },
    {
        "bookingid": 856
    },
    {
        "bookingid": 2117
    },
    {
        "bookingid": 4108
    },
    {
        "bookingid": 5831
    },
    {
        "bookingid": 2384
    },
    {
        "bookingid": 7267
    },
    {
        "bookingid": 2008
    },
    {
        "bookingid": 5287
    },
    {
        "bookingid": 622
    },
    {
        "bookingid": 1831
    },
    {
        "bookingid": 1416
    },
    {
        "bookingid": 4852
    },
    {
        "bookingid": 3805
    },
    {
        "bookingid": 1797
    },
    {
        "bookingid": 1995
    },
    {
        "bookingid": 2253
    },
    {
        "bookingid": 5082
    },
    {
        "bookingid": 5143
    },
    {
        "bookingid": 208
    },
    {
        "bookingid": 5844
    },
    {
        "bookingid": 2599
    },
    {
        "bookingid": 1343
    },
    {
        "bookingid": 6503
    },
    {
        "bookingid": 1842
    },
    {
        "bookingid": 890
    },
    {
        "bookingid": 3151
    },
    {
        "bookingid": 6144
    },
    {
        "bookingid": 993
    },
    {
        "bookingid": 4556
    },
    {
        "bookingid": 6724
    },
    {
        "bookingid": 3997
    },
    {
        "bookingid": 387
    },
    {
        "bookingid": 4814
    },
    {
        "bookingid": 7011
    },
    {
        "bookingid": 279
    },
    {
        "bookingid": 1337
    },
    {
        "bookingid": 6431
    },
    {
        "bookingid": 5649
    },
    {
        "bookingid": 2622
    },
    {
        "bookingid": 1967
    },
    {
        "bookingid": 5078
    },
    {
        "bookingid": 6103
    },
    {
        "bookingid": 483
    },
    {
        "bookingid": 5813
    },
    {
        "bookingid": 6021
    },
    {
        "bookingid": 206
    },
    {
        "bookingid": 938
    },
    {
        "bookingid": 4946
    },
    {
        "bookingid": 6305
    },
    {
        "bookingid": 592
    },
    {
        "bookingid": 4413
    },
    {
        "bookingid": 2105
    },
    {
        "bookingid": 5815
    },
    {
        "bookingid": 1937
    },
    {
        "bookingid": 1180
    },
    {
        "bookingid": 1903
    },
    {
        "bookingid": 4838
    },
    {
        "bookingid": 1035
    },
    {
        "bookingid": 1577
    },
    {
        "bookingid": 1345
    },
    {
        "bookingid": 2446
    },
    {
        "bookingid": 741
    },
    {
        "bookingid": 7114
    },
    {
        "bookingid": 5645
    },
    {
        "bookingid": 4869
    },
    {
        "bookingid": 3742
    },
    {
        "bookingid": 4391
    },
    {
        "bookingid": 1433
    },
    {
        "bookingid": 7100
    },
    {
        "bookingid": 85
    },
    {
        "bookingid": 6935
    },
    {
        "bookingid": 2020
    },
    {
        "bookingid": 6310
    },
    {
        "bookingid": 3216
    },
    {
        "bookingid": 2374
    },
    {
        "bookingid": 2279
    },
    {
        "bookingid": 5400
    },
    {
        "bookingid": 6397
    },
    {
        "bookingid": 1519
    },
    {
        "bookingid": 6061
    },
    {
        "bookingid": 5069
    },
    {
        "bookingid": 4626
    },
    {
        "bookingid": 6423
    },
    {
        "bookingid": 964
    },
    {
        "bookingid": 4675
    },
    {
        "bookingid": 5421
    },
    {
        "bookingid": 7257
    },
    {
        "bookingid": 1475
    },
    {
        "bookingid": 5528
    },
    {
        "bookingid": 6354
    },
    {
        "bookingid": 3850
    },
    {
        "bookingid": 3018
    },
    {
        "bookingid": 3022
    },
    {
        "bookingid": 5354
    },
    {
        "bookingid": 253
    },
    {
        "bookingid": 312
    },
    {
        "bookingid": 2033
    },
    {
        "bookingid": 1594
    },
    {
        "bookingid": 3982
    },
    {
        "bookingid": 1259
    },
    {
        "bookingid": 4872
    },
    {
        "bookingid": 1491
    },
    {
        "bookingid": 4615
    },
    {
        "bookingid": 5282
    },
    {
        "bookingid": 3996
    },
    {
        "bookingid": 5003
    },
    {
        "bookingid": 755
    },
    {
        "bookingid": 5685
    },
    {
        "bookingid": 2679
    },
    {
        "bookingid": 78
    },
    {
        "bookingid": 6646
    },
    {
        "bookingid": 6258
    },
    {
        "bookingid": 2601
    },
    {
        "bookingid": 4418
    },
    {
        "bookingid": 468
    },
    {
        "bookingid": 4404
    },
    {
        "bookingid": 1050
    },
    {
        "bookingid": 6182
    },
    {
        "bookingid": 6658
    },
    {
        "bookingid": 2366
    },
    {
        "bookingid": 7439
    },
    {
        "bookingid": 4497
    },
    {
        "bookingid": 3062
    },
    {
        "bookingid": 7265
    },
    {
        "bookingid": 7058
    },
    {
        "bookingid": 18
    },
    {
        "bookingid": 3466
    },
    {
        "bookingid": 6943
    },
    {
        "bookingid": 3283
    },
    {
        "bookingid": 3797
    },
    {
        "bookingid": 4587
    },
    {
        "bookingid": 7046
    },
    {
        "bookingid": 6084
    },
    {
        "bookingid": 6834
    },
    {
        "bookingid": 2264
    },
    {
        "bookingid": 6029
    },
    {
        "bookingid": 2456
    },
    {
        "bookingid": 3613
    },
    {
        "bookingid": 2158
    },
    {
        "bookingid": 1666
    },
    {
        "bookingid": 4836
    },
    {
        "bookingid": 6732
    },
    {
        "bookingid": 7134
    },
    {
        "bookingid": 2448
    },
    {
        "bookingid": 6291
    },
    {
        "bookingid": 5374
    },
    {
        "bookingid": 1959
    },
    {
        "bookingid": 4300
    },
    {
        "bookingid": 771
    },
    {
        "bookingid": 1210
    },
    {
        "bookingid": 2423
    },
    {
        "bookingid": 6253
    },
    {
        "bookingid": 115
    },
    {
        "bookingid": 5237
    },
    {
        "bookingid": 3348
    },
    {
        "bookingid": 6638
    },
    {
        "bookingid": 2801
    },
    {
        "bookingid": 7381
    },
    {
        "bookingid": 2376
    },
    {
        "bookingid": 5634
    },
    {
        "bookingid": 6837
    },
    {
        "bookingid": 5209
    },
    {
        "bookingid": 2894
    },
    {
        "bookingid": 442
    },
    {
        "bookingid": 267
    },
    {
        "bookingid": 4214
    },
    {
        "bookingid": 5741
    },
    {
        "bookingid": 3718
    },
    {
        "bookingid": 3420
    },
    {
        "bookingid": 6532
    },
    {
        "bookingid": 3063
    },
    {
        "bookingid": 4824
    },
    {
        "bookingid": 1677
    },
    {
        "bookingid": 7111
    },
    {
        "bookingid": 6104
    },
    {
        "bookingid": 2939
    },
    {
        "bookingid": 6184
    },
    {
        "bookingid": 5595
    },
    {
        "bookingid": 2367
    },
    {
        "bookingid": 1971
    },
    {
        "bookingid": 4271
    },
    {
        "bookingid": 5379
    },
    {
        "bookingid": 390
    },
    {
        "bookingid": 3799
    },
    {
        "bookingid": 3793
    },
    {
        "bookingid": 3930
    },
    {
        "bookingid": 752
    },
    {
        "bookingid": 6292
    },
    {
        "bookingid": 1873
    },
    {
        "bookingid": 6229
    },
    {
        "bookingid": 2579
    },
    {
        "bookingid": 7229
    },
    {
        "bookingid": 4473
    },
    {
        "bookingid": 6841
    },
    {
        "bookingid": 3869
    },
    {
        "bookingid": 6579
    },
    {
        "bookingid": 1387
    },
    {
        "bookingid": 5935
    },
    {
        "bookingid": 281
    },
    {
        "bookingid": 6276
    },
    {
        "bookingid": 3430
    },
    {
        "bookingid": 636
    },
    {
        "bookingid": 6501
    },
    {
        "bookingid": 6187
    },
    {
        "bookingid": 2408
    },
    {
        "bookingid": 2100
    },
    {
        "bookingid": 482
    },
    {
        "bookingid": 2447
    },
    {
        "bookingid": 6479
    },
    {
        "bookingid": 6692
    },
    {
        "bookingid": 6360
    },
    {
        "bookingid": 5736
    },
    {
        "bookingid": 6710
    },
    {
        "bookingid": 674
    },
    {
        "bookingid": 4839
    },
    {
        "bookingid": 493
    },
    {
        "bookingid": 2560
    },
    {
        "bookingid": 2936
    },
    {
        "bookingid": 5930
    },
    {
        "bookingid": 2327
    },
    {
        "bookingid": 994
    },
    {
        "bookingid": 4661
    },
    {
        "bookingid": 1220
    },
    {
        "bookingid": 5252
    },
    {
        "bookingid": 6660
    },
    {
        "bookingid": 5347
    },
    {
        "bookingid": 5740
    },
    {
        "bookingid": 7110
    },
    {
        "bookingid": 4298
    },
    {
        "bookingid": 2609
    },
    {
        "bookingid": 645
    },
    {
        "bookingid": 1486
    },
    {
        "bookingid": 2612
    },
    {
        "bookingid": 6457
    },
    {
        "bookingid": 5746
    },
    {
        "bookingid": 4802
    },
    {
        "bookingid": 6438
    },
    {
        "bookingid": 3953
    },
    {
        "bookingid": 2745
    },
    {
        "bookingid": 3503
    },
    {
        "bookingid": 1176
    },
    {
        "bookingid": 872
    },
    {
        "bookingid": 1215
    },
    {
        "bookingid": 801
    },
    {
        "bookingid": 1045
    },
    {
        "bookingid": 433
    },
    {
        "bookingid": 4643
    },
    {
        "bookingid": 3011
    },
    {
        "bookingid": 6451
    },
    {
        "bookingid": 3334
    },
    {
        "bookingid": 5628
    },
    {
        "bookingid": 7181
    },
    {
        "bookingid": 3369
    },
    {
        "bookingid": 6567
    },
    {
        "bookingid": 5692
    },
    {
        "bookingid": 836
    },
    {
        "bookingid": 7126
    },
    {
        "bookingid": 3131
    },
    {
        "bookingid": 1947
    },
    {
        "bookingid": 6045
    },
    {
        "bookingid": 4685
    },
    {
        "bookingid": 2982
    },
    {
        "bookingid": 202
    },
    {
        "bookingid": 344
    },
    {
        "bookingid": 460
    },
    {
        "bookingid": 5183
    },
    {
        "bookingid": 4189
    },
    {
        "bookingid": 2490
    },
    {
        "bookingid": 5714
    },
    {
        "bookingid": 2508
    },
    {
        "bookingid": 3929
    },
    {
        "bookingid": 7174
    },
    {
        "bookingid": 4614
    },
    {
        "bookingid": 1667
    },
    {
        "bookingid": 2716
    },
    {
        "bookingid": 504
    },
    {
        "bookingid": 61
    },
    {
        "bookingid": 5748
    },
    {
        "bookingid": 3449
    },
    {
        "bookingid": 175
    },
    {
        "bookingid": 5543
    },
    {
        "bookingid": 3175
    },
    {
        "bookingid": 3088
    },
    {
        "bookingid": 3231
    },
    {
        "bookingid": 6309
    },
    {
        "bookingid": 2102
    },
    {
        "bookingid": 5978
    },
    {
        "bookingid": 1630
    },
    {
        "bookingid": 5310
    },
    {
        "bookingid": 6956
    },
    {
        "bookingid": 5914
    },
    {
        "bookingid": 69
    },
    {
        "bookingid": 3197
    },
    {
        "bookingid": 4565
    },
    {
        "bookingid": 934
    },
    {
        "bookingid": 6176
    },
    {
        "bookingid": 4971
    },
    {
        "bookingid": 6574
    },
    {
        "bookingid": 930
    },
    {
        "bookingid": 6941
    },
    {
        "bookingid": 832
    },
    {
        "bookingid": 3399
    },
    {
        "bookingid": 847
    },
    {
        "bookingid": 3036
    },
    {
        "bookingid": 4270
    },
    {
        "bookingid": 6777
    },
    {
        "bookingid": 5940
    },
    {
        "bookingid": 2421
    },
    {
        "bookingid": 1803
    },
    {
        "bookingid": 7207
    },
    {
        "bookingid": 1008
    },
    {
        "bookingid": 5774
    },
    {
        "bookingid": 2639
    },
    {
        "bookingid": 946
    },
    {
        "bookingid": 2916
    },
    {
        "bookingid": 6036
    },
    {
        "bookingid": 1203
    },
    {
        "bookingid": 4710
    },
    {
        "bookingid": 6096
    },
    {
        "bookingid": 2088
    },
    {
        "bookingid": 1695
    },
    {
        "bookingid": 6175
    },
    {
        "bookingid": 3563
    },
    {
        "bookingid": 4540
    },
    {
        "bookingid": 747
    },
    {
        "bookingid": 1121
    },
    {
        "bookingid": 1563
    },
    {
        "bookingid": 6661
    },
    {
        "bookingid": 654
    },
    {
        "bookingid": 6402
    },
    {
        "bookingid": 3185
    },
    {
        "bookingid": 3831
    },
    {
        "bookingid": 6054
    },
    {
        "bookingid": 20
    },
    {
        "bookingid": 1095
    },
    {
        "bookingid": 4812
    },
    {
        "bookingid": 262
    },
    {
        "bookingid": 4527
    },
    {
        "bookingid": 3253
    },
    {
        "bookingid": 2472
    },
    {
        "bookingid": 4965
    },
    {
        "bookingid": 1649
    },
    {
        "bookingid": 3840
    },
    {
        "bookingid": 2383
    },
    {
        "bookingid": 6269
    },
    {
        "bookingid": 713
    },
    {
        "bookingid": 195
    },
    {
        "bookingid": 6472
    },
    {
        "bookingid": 547
    },
    {
        "bookingid": 765
    },
    {
        "bookingid": 2236
    },
    {
        "bookingid": 4130
    },
    {
        "bookingid": 2254
    },
    {
        "bookingid": 4711
    },
    {
        "bookingid": 647
    },
    {
        "bookingid": 1454
    },
    {
        "bookingid": 2464
    },
    {
        "bookingid": 6440
    },
    {
        "bookingid": 5463
    },
    {
        "bookingid": 981
    },
    {
        "bookingid": 2974
    },
    {
        "bookingid": 142
    },
    {
        "bookingid": 5560
    },
    {
        "bookingid": 6072
    },
    {
        "bookingid": 4818
    },
    {
        "bookingid": 2779
    },
    {
        "bookingid": 3862
    },
    {
        "bookingid": 5850
    },
    {
        "bookingid": 6337
    },
    {
        "bookingid": 1498
    },
    {
        "bookingid": 6214
    },
    {
        "bookingid": 6547
    },
    {
        "bookingid": 1744
    },
    {
        "bookingid": 5903
    },
    {
        "bookingid": 355
    },
    {
        "bookingid": 5129
    },
    {
        "bookingid": 1736
    },
    {
        "bookingid": 5586
    },
    {
        "bookingid": 5470
    },
    {
        "bookingid": 1929
    },
    {
        "bookingid": 7356
    },
    {
        "bookingid": 2110
    },
    {
        "bookingid": 4132
    },
    {
        "bookingid": 4224
    },
    {
        "bookingid": 1041
    },
    {
        "bookingid": 384
    },
    {
        "bookingid": 4885
    },
    {
        "bookingid": 683
    },
    {
        "bookingid": 3218
    },
    {
        "bookingid": 1342
    },
    {
        "bookingid": 2821
    },
    {
        "bookingid": 4206
    },
    {
        "bookingid": 1134
    },
    {
        "bookingid": 3006
    },
    {
        "bookingid": 448
    },
    {
        "bookingid": 3186
    },
    {
        "bookingid": 1263
    },
    {
        "bookingid": 2387
    },
    {
        "bookingid": 120
    },
    {
        "bookingid": 1510
    },
    {
        "bookingid": 6101
    },
    {
        "bookingid": 6622
    },
    {
        "bookingid": 2997
    },
    {
        "bookingid": 6656
    },
    {
        "bookingid": 2872
    },
    {
        "bookingid": 5186
    },
    {
        "bookingid": 6450
    },
    {
        "bookingid": 5108
    },
    {
        "bookingid": 5210
    },
    {
        "bookingid": 5190
    },
    {
        "bookingid": 3238
    },
    {
        "bookingid": 5993
    },
    {
        "bookingid": 266
    },
    {
        "bookingid": 3362
    },
    {
        "bookingid": 1081
    },
    {
        "bookingid": 4843
    },
    {
        "bookingid": 6080
    },
    {
        "bookingid": 6162
    },
    {
        "bookingid": 239
    },
    {
        "bookingid": 5912
    },
    {
        "bookingid": 6508
    },
    {
        "bookingid": 5739
    },
    {
        "bookingid": 3571
    },
    {
        "bookingid": 2877
    },
    {
        "bookingid": 2218
    },
    {
        "bookingid": 2308
    },
    {
        "bookingid": 3446
    },
    {
        "bookingid": 900
    },
    {
        "bookingid": 6178
    },
    {
        "bookingid": 7237
    },
    {
        "bookingid": 6986
    },
    {
        "bookingid": 3361
    },
    {
        "bookingid": 6227
    },
    {
        "bookingid": 6745
    },
    {
        "bookingid": 475
    },
    {
        "bookingid": 1501
    },
    {
        "bookingid": 3042
    },
    {
        "bookingid": 7006
    },
    {
        "bookingid": 2914
    },
    {
        "bookingid": 2864
    },
    {
        "bookingid": 4311
    },
    {
        "bookingid": 3890
    },
    {
        "bookingid": 2276
    },
    {
        "bookingid": 2069
    },
    {
        "bookingid": 5738
    },
    {
        "bookingid": 1514
    },
    {
        "bookingid": 4737
    },
    {
        "bookingid": 4774
    },
    {
        "bookingid": 1676
    },
    {
        "bookingid": 4294
    },
    {
        "bookingid": 2221
    },
    {
        "bookingid": 534
    },
    {
        "bookingid": 5203
    },
    {
        "bookingid": 821
    },
    {
        "bookingid": 5521
    },
    {
        "bookingid": 107
    },
    {
        "bookingid": 1118
    },
    {
        "bookingid": 3892
    },
    {
        "bookingid": 845
    },
    {
        "bookingid": 4923
    },
    {
        "bookingid": 3235
    },
    {
        "bookingid": 787
    },
    {
        "bookingid": 2767
    },
    {
        "bookingid": 435
    },
    {
        "bookingid": 282
    },
    {
        "bookingid": 1278
    },
    {
        "bookingid": 7322
    },
    {
        "bookingid": 5587
    },
    {
        "bookingid": 6285
    },
    {
        "bookingid": 1983
    },
    {
        "bookingid": 5538
    },
    {
        "bookingid": 3347
    },
    {
        "bookingid": 4390
    },
    {
        "bookingid": 3678
    },
    {
        "bookingid": 5182
    },
    {
        "bookingid": 4581
    },
    {
        "bookingid": 291
    },
    {
        "bookingid": 3746
    },
    {
        "bookingid": 6881
    },
    {
        "bookingid": 5154
    },
    {
        "bookingid": 1019
    },
    {
        "bookingid": 6347
    },
    {
        "bookingid": 3437
    },
    {
        "bookingid": 255
    },
    {
        "bookingid": 5929
    },
    {
        "bookingid": 2200
    },
    {
        "bookingid": 3659
    },
    {
        "bookingid": 1398
    },
    {
        "bookingid": 4013
    },
    {
        "bookingid": 309
    },
    {
        "bookingid": 601
    },
    {
        "bookingid": 5507
    },
    {
        "bookingid": 6377
    },
    {
        "bookingid": 5045
    },
    {
        "bookingid": 2901
    },
    {
        "bookingid": 277
    },
    {
        "bookingid": 6540
    },
    {
        "bookingid": 5373
    },
    {
        "bookingid": 123
    },
    {
        "bookingid": 3181
    },
    {
        "bookingid": 3883
    },
    {
        "bookingid": 3828
    },
    {
        "bookingid": 1252
    },
    {
        "bookingid": 5804
    },
    {
        "bookingid": 3156
    },
    {
        "bookingid": 5973
    },
    {
        "bookingid": 6548
    },
    {
        "bookingid": 2085
    },
    {
        "bookingid": 4326
    },
    {
        "bookingid": 6358
    },
    {
        "bookingid": 305
    },
    {
        "bookingid": 7063
    },
    {
        "bookingid": 5889
    },
    {
        "bookingid": 1457
    },
    {
        "bookingid": 939
    },
    {
        "bookingid": 2178
    },
    {
        "bookingid": 3052
    },
    {
        "bookingid": 3691
[...]
        "bookingid": 2653
    },
    {
        "bookingid": 4178
    },
    {
        "bookingid": 3588
    },
    {
        "bookingid": 5689
    },
    {
        "bookingid": 4856
    },
    {
        "bookingid": 408
    },
    {
        "bookingid": 3268
    },
    {
        "bookingid": 2319
    },
    {
        "bookingid": 1964
    },
    {
        "bookingid": 516
    },
    {
        "bookingid": 6729
    },
    {
        "bookingid": 2656
    },
    {
        "bookingid": 1077
    },
    {
        "bookingid": 4718
    },
    {
        "bookingid": 7202
    },
    {
        "bookingid": 114
    },
    {
        "bookingid": 3702
    },
    {
        "bookingid": 6634
    },
    {
        "bookingid": 5017
    },
    {
        "bookingid": 4218
    },
    {
        "bookingid": 4179
    },
    {
        "bookingid": 3901
    },
    {
        "bookingid": 2761
    },
    {
        "bookingid": 1443
    },
    {
        "bookingid": 5513
    },
    {
        "bookingid": 3206
    },
    {
        "bookingid": 5575
    },
    {
        "bookingid": 5954
    },
    {
        "bookingid": 1613
    },
    {
        "bookingid": 1102
    },
    {
        "bookingid": 892
    },
    {
        "bookingid": 1506
    },
    {
        "bookingid": 4347
    },
    {
        "bookingid": 5676
    },
    {
        "bookingid": 6306
    },
    {
        "bookingid": 2602
    },
    {
        "bookingid": 4835
    },
    {
        "bookingid": 2978
    },
    {
        "bookingid": 219
    },
    {
        "bookingid": 177
    },
    {
        "bookingid": 2635
    },
    {
        "bookingid": 1201
    },
    {
        "bookingid": 2960
    },
    {
        "bookingid": 3448
    },
    {
        "bookingid": 1946
    },
    {
        "bookingid": 6955
    },
    {
        "bookingid": 3813
    },
    {
        "bookingid": 1943
    },
    {
        "bookingid": 966
    },
    {
        "bookingid": 1720
    },
    {
        "bookingid": 7339
    },
    {
        "bookingid": 308
    },
    {
        "bookingid": 673
    },
    {
        "bookingid": 1348
    },
    {
        "bookingid": 508
    },
    {
        "bookingid": 38
    },
    {
        "bookingid": 2698
    },
    {
        "bookingid": 3493
    },
    {
        "bookingid": 3676
    },
    {
        "bookingid": 7308
    },
    {
        "bookingid": 365
    },
    {
        "bookingid": 6781
    },
    {
        "bookingid": 7419
    },
    {
        "bookingid": 4471
    },
    {
        "bookingid": 2344
    },
    {
        "bookingid": 337
    },
    {
        "bookingid": 3845
    },
    {
        "bookingid": 6612
    },
    {
        "bookingid": 2726
    },
    {
        "bookingid": 199
    },
    {
        "bookingid": 5754
    },
    {
        "bookingid": 259
    },
    {
        "bookingid": 1693
    },
    {
        "bookingid": 506
    },
    {
        "bookingid": 3748
    },
    {
        "bookingid": 6624
    },
    {
        "bookingid": 4937
    },
    {
        "bookingid": 1556
    },
    {
        "bookingid": 6353
    },
    {
        "bookingid": 465
    },
    {
        "bookingid": 345
    },
    {
        "bookingid": 2693
    },
    {
        "bookingid": 4126
    },
    {
        "bookingid": 5553
    },
    {
        "bookingid": 16
    },
    {
        "bookingid": 3938
    },
    {
        "bookingid": 3519
    },
    {
        "bookingid": 1233
    },
    {
        "bookingid": 4174
    },
    {
        "bookingid": 159
    },
    {
        "bookingid": 6575
    },
    {
        "bookingid": 3842
    },
    {
        "bookingid": 5581
    },
    {
        "bookingid": 4116
    },
    {
        "bookingid": 1251
    },
    {
        "bookingid": 816
    },
    {
        "bookingid": 4600
    },
    {
        "bookingid": 439
    },
    {
        "bookingid": 3416
    },
    {
        "bookingid": 3934
    },
    {
        "bookingid": 2385
    },
    {
        "bookingid": 5917
    },
    {
        "bookingid": 2865
    },
    {
        "bookingid": 4699
    },
    {
        "bookingid": 3785
    },
    {
        "bookingid": 434
    },
    {
        "bookingid": 4004
    },
    {
        "bookingid": 4022
    },
    {
        "bookingid": 4053
    },
    {
        "bookingid": 1353
    },
    {
        "bookingid": 3096
    },
    {
        "bookingid": 1584
    },
    {
        "bookingid": 6459
    },
    {
        "bookingid": 1507
    },
    {
        "bookingid": 5488
    },
    {
        "bookingid": 3935
    },
    {
        "bookingid": 4259
    },
    {
        "bookingid": 3769
    },
    {
        "bookingid": 3135
    },
    {
        "bookingid": 850
    },
    {
        "bookingid": 5953
    },
    {
        "bookingid": 7042
    },
    {
        "bookingid": 6018
    },
    {
        "bookingid": 2118
    },
    {
        "bookingid": 4017
    },
    {
        "bookingid": 7286
    },
    {
        "bookingid": 2129
    },
    {
        "bookingid": 4571
    },
    {
        "bookingid": 6373
    },
    {
        "bookingid": 2886
    },
    {
        "bookingid": 1789
    },
    {
        "bookingid": 1260
    },
    {
        "bookingid": 4262
    },
    {
        "bookingid": 47
    },
    {
        "bookingid": 1156
    },
    {
        "bookingid": 5713
    },
    {
        "bookingid": 6379
    },
    {
        "bookingid": 1289
    },
    {
        "bookingid": 5234
    },
    {
        "bookingid": 4876
    },
    {
        "bookingid": 377
    },
    {
        "bookingid": 6011
    },
    {
        "bookingid": 6566
    },
    {
        "bookingid": 4223
    },
    {
        "bookingid": 4133
    },
    {
        "bookingid": 3834
    },
    {
        "bookingid": 2581
    },
    {
        "bookingid": 3141
    },
    {
        "bookingid": 3039
    },
    {
        "bookingid": 5478
    },
    {
        "bookingid": 2544
    },
    {
        "bookingid": 4904
    },
    {
        "bookingid": 6282
    },
    {
        "bookingid": 6067
    },
    {
        "bookingid": 5943
    },
    {
        "bookingid": 1757
    },
    {
        "bookingid": 5337
    },
    {
        "bookingid": 125
    },
    {
        "bookingid": 5995
    },
    {
        "bookingid": 7079
    },
    {
        "bookingid": 6463
    },
    {
        "bookingid": 1531
    },
    {
        "bookingid": 2443
    },
    {
        "bookingid": 748
    },
    {
        "bookingid": 1428
    },
    {
        "bookingid": 429
    },
    {
        "bookingid": 3130
    },
    {
        "bookingid": 908
    },
    {
        "bookingid": 6226
    },
    {
        "bookingid": 1829
    },
    {
        "bookingid": 7105
    },
    {
        "bookingid": 2295
    },
    {
        "bookingid": 2096
    },
    {
        "bookingid": 4845
    },
    {
        "bookingid": 2709
    },
    {
        "bookingid": 1249
    },
    {
        "bookingid": 7295
    },
    {
        "bookingid": 4744
    },
    {
        "bookingid": 5734
    },
    {
        "bookingid": 2463
    },
    {
        "bookingid": 6627
    },
    {
        "bookingid": 5899
    },
    {
        "bookingid": 4383
    },
    {
        "bookingid": 6520
    },
    {
        "bookingid": 3500
    },
    {
        "bookingid": 3329
    },
    {
        "bookingid": 3617
    },
    {
        "bookingid": 3372
    },
    {
        "bookingid": 6691
    },
    {
        "bookingid": 3035
    },
    {
        "bookingid": 6971
    },
    {
        "bookingid": 380
    },
    {
        "bookingid": 6279
    },
    {
        "bookingid": 2987
    },
    {
        "bookingid": 6991
    },
    {
        "bookingid": 656
    },
    {
        "bookingid": 3236
    },
    {
        "bookingid": 2116
    },
    {
        "bookingid": 293
    },
    {
        "bookingid": 424
    },
    {
        "bookingid": 4604
    },
    {
        "bookingid": 5592
    },
    {
        "bookingid": 3246
    },
    {
        "bookingid": 4099
    },
    {
        "bookingid": 1646
    },
    {
        "bookingid": 3395
    },
    {
        "bookingid": 999
    },
    {
        "bookingid": 6925
    },
    {
        "bookingid": 595
    },
    {
        "bookingid": 1139
    },
    {
        "bookingid": 997
    },
    {
        "bookingid": 7249
    },
    {
        "bookingid": 4331
    },
    {
        "bookingid": 6009
    },
    {
        "bookingid": 2854
    },
    {
        "bookingid": 2549
    },
    {
        "bookingid": 1412
    },
    {
        "bookingid": 505
    },
    {
        "bookingid": 6019
    },
    {
        "bookingid": 3866
    },
    {
        "bookingid": 503
    },
    {
        "bookingid": 5957
    },
    {
        "bookingid": 698
    },
    {
        "bookingid": 12
    },
    {
        "bookingid": 4051
    },
    {
        "bookingid": 1673
    },
    {
        "bookingid": 4848
    },
    {
        "bookingid": 3936
    },
    {
        "bookingid": 5451
    },
    {
        "bookingid": 2357
    },
    {
        "bookingid": 6405
    },
    {
        "bookingid": 6374
    },
    {
        "bookingid": 1144
    },
    {
        "bookingid": 7205
    },
    {
        "bookingid": 2980
    },
    {
        "bookingid": 3007
    },
    {
        "bookingid": 893
    },
    {
        "bookingid": 4211
    },
    {
        "bookingid": 7022
    },
    {
        "bookingid": 354
    },
    {
        "bookingid": 1292
    },
    {
        "bookingid": 4444
    },
    {
        "bookingid": 3575
    },
    {
        "bookingid": 5159
    },
    {
        "bookingid": 2353
    },
    {
        "bookingid": 4688
    },
    {
        "bookingid": 1140
    },
    {
        "bookingid": 2896
    },
    {
        "bookingid": 3296
    },
    {
        "bookingid": 5790
    },
    {
        "bookingid": 6435
    },
    {
        "bookingid": 1376
    },
    {
        "bookingid": 2430
    },
    {
        "bookingid": 5731
    },
    {
        "bookingid": 6020
    },
    {
        "bookingid": 4320
    },
    {
        "bookingid": 3190
    },
    {
        "bookingid": 2427
    },
    {
        "bookingid": 2708
    },
    {
        "bookingid": 6753
    }
]
]]></system-out>
    <system-err><![CDATA[SLF4J: Failed to load class "org.slf4j.impl.StaticLoggerBinder".
SLF4J: Defaulting to no-operation (NOP) logger implementation
SLF4J: See http://www.slf4j.org/codes.html#StaticLoggerBinder for further details.
]]></system-err>
  </testcase>
  <testcase name="PingRequest" classname="RestAssuredProject.Restful_bookerTest" time="0">
    <system-out><![CDATA[HTTP/1.1 201 Created
Server: Cowboy
Connection: keep-alive
X-Powered-By: Express
Content-Type: text/plain; charset=utf-8
Content-Length: 7
Etag: W/"7-rM9AyJuqT6iOan/xHh+AW+7K/T8"
Date: Sun, 19 Feb 2023 16:58:37 GMT
Via: 1.1 vegur

Created
]]></system-out>
  </testcase>
  <testcase name="testPost" classname="RestAssuredProject.Restful_bookerTest" time="0.308">
    <system-out><![CDATA[HTTP/1.1 200 OK
Server: Cowboy
Connection: keep-alive
X-Powered-By: Express
Content-Type: application/json; charset=utf-8
Content-Length: 203
Etag: W/"cb-60F2lB1kS6h9P/ifYbIgqFlKUpc"
Date: Sun, 19 Feb 2023 16:58:37 GMT
Via: 1.1 vegur

{
    "bookingid": 7473,
    "booking": {
        "firstname": "NaniRam",
        "lastname": "Bhujel",
        "totalprice": 1000,
        "depositpaid": true,
        "bookingdates": {
            "checkin": "2018-01-01",
            "checkout": "2019-01-01"
        },
        "additionalneeds": "Breakfast"
    }
}
]]></system-out>
  </testcase>
  <testcase name="testPostusingJsonLibrary" classname="RestAssuredProject.Restful_bookerTest" time="0.167">
    <system-out><![CDATA[HTTP/1.1 200 OK
Server: Cowboy
Connection: keep-alive
X-Powered-By: Express
Content-Type: application/json; charset=utf-8
Content-Length: 212
Etag: W/"d4-r7aXQhd/p+mJfLYUUeFOXzwKd00"
Date: Sun, 19 Feb 2023 16:58:38 GMT
Via: 1.1 vegur

{
    "bookingid": 7482,
    "booking": {
        "firstname": "NNaniRam",
        "lastname": "BBhujel",
        "totalprice": 1000,
        "depositpaid": true,
        "bookingdates": {
            "checkin": "2023-01-01",
            "checkout": "2023-01-10"
        },
        "additionalneeds": "Lunch and Dinner"
    }
}
]]></system-out>
  </testcase>
  <testcase name="filterByID" classname="RestAssuredProject.Restful_bookerTest" time="0.145">
    <system-out><![CDATA[HTTP/1.1 200 OK
Server: Cowboy
Connection: keep-alive
X-Powered-By: Express
Content-Type: application/json; charset=utf-8
Content-Length: 141
Etag: W/"8d-LXSBVQYv34r0kiERokvm2alv/5o"
Date: Sun, 19 Feb 2023 16:58:38 GMT
Via: 1.1 vegur

{
    "firstname": "Eric",
    "lastname": "Jackson",
    "totalprice": 945,
    "depositpaid": true,
    "bookingdates": {
        "checkin": "2019-09-18",
        "checkout": "2021-12-20"
    }
}
]]></system-out>
  </testcase>
  <testcase name="CreateToken" classname="RestAssuredProject.Restful_bookerTest" time="0.147">
    <system-out><![CDATA[HTTP/1.1 200 OK
Server: Cowboy
Connection: keep-alive
X-Powered-By: Express
Content-Type: application/json; charset=utf-8
Content-Length: 27
Etag: W/"1b-7wxtJRz+8lOIMieRuyerjGIU86w"
Date: Sun, 19 Feb 2023 16:58:38 GMT
Via: 1.1 vegur

{
    "token": "ced8552e0153dea"
}
]]></system-out>
  </testcase>
  <testcase name="PutRequest" classname="RestAssuredProject.Restful_bookerTest" time="0.183">
    <system-out><![CDATA[HTTP/1.1 200 OK
Server: Cowboy
Connection: keep-alive
X-Powered-By: Express
Content-Type: application/json; charset=utf-8
Content-Length: 163
Etag: W/"a3-LDRTwtWbiOrbVVDWLhCzokpDpzo"
Date: Sun, 19 Feb 2023 16:58:38 GMT
Via: 1.1 vegur

{
    "firstname": "jack",
    "lastname": "MA",
    "totalprice": 1100,
    "depositpaid": true,
    "bookingdates": {
        "checkin": "2021-01-01",
        "checkout": "2021-02-01"
    },
    "additionalneeds": "Lunch"
}
]]></system-out>
  </testcase>
  <testcase name="testDelete" classname="RestAssuredProject.Restful_bookerTest" time="0.141">
    <failure message="1 expectation failed.&#10;Expected status code &lt;201&gt; but was &lt;405&gt;.&#10;" type="java.lang.AssertionError"><![CDATA[java.lang.AssertionError: 
1 expectation failed.
Expected status code <201> but was <405>.

	at java.base/jdk.internal.reflect.DirectConstructorHandleAccessor.newInstance(DirectConstructorHandleAccessor.java:67)
	at java.base/java.lang.reflect.Constructor.newInstanceWithCaller(Constructor.java:500)
	at java.base/java.lang.reflect.Constructor.newInstance(Constructor.java:484)
	at org.codehaus.groovy.reflection.CachedConstructor.invoke(CachedConstructor.java:73)
	at org.codehaus.groovy.runtime.callsite.ConstructorSite$ConstructorSiteNoUnwrapNoCoerce.callConstructor(ConstructorSite.java:108)
	at org.codehaus.groovy.runtime.callsite.CallSiteArray.defaultCallConstructor(CallSiteArray.java:57)
	at org.codehaus.groovy.runtime.callsite.AbstractCallSite.callConstructor(AbstractCallSite.java:263)
	at org.codehaus.groovy.runtime.callsite.AbstractCallSite.callConstructor(AbstractCallSite.java:277)
	at io.restassured.internal.ResponseSpecificationImpl$HamcrestAssertionClosure.validate(ResponseSpecificationImpl.groovy:512)
	at io.restassured.internal.ResponseSpecificationImpl$HamcrestAssertionClosure$validate$1.call(Unknown Source)
	at io.restassured.internal.ResponseSpecificationImpl.validateResponseIfRequired(ResponseSpecificationImpl.groovy:696)
	at io.restassured.internal.ResponseSpecificationImpl.this$2$validateResponseIfRequired(ResponseSpecificationImpl.groovy)
	at java.base/jdk.internal.reflect.DirectMethodHandleAccessor.invoke(DirectMethodHandleAccessor.java:104)
	at java.base/java.lang.reflect.Method.invoke(Method.java:578)
	at org.codehaus.groovy.runtime.callsite.PlainObjectMetaMethodSite.doInvoke(PlainObjectMetaMethodSite.java:43)
	at org.codehaus.groovy.runtime.callsite.PogoMetaMethodSite$PogoCachedMethodSiteNoUnwrapNoCoerce.invoke(PogoMetaMethodSite.java:198)
	at org.codehaus.groovy.runtime.callsite.PogoMetaMethodSite.callCurrent(PogoMetaMethodSite.java:62)
	at org.codehaus.groovy.runtime.callsite.AbstractCallSite.callCurrent(AbstractCallSite.java:185)
	at io.restassured.internal.ResponseSpecificationImpl.statusCode(ResponseSpecificationImpl.groovy:135)
	at io.restassured.specification.ResponseSpecification$statusCode$0.callCurrent(Unknown Source)
	at io.restassured.internal.ResponseSpecificationImpl.statusCode(ResponseSpecificationImpl.groovy:143)
	at io.restassured.internal.ValidatableResponseOptionsImpl.statusCode(ValidatableResponseOptionsImpl.java:89)
	at RestAssuredProject.Restful_bookerTest.testDelete(Restful_bookerTest.java:179)
	at java.base/jdk.internal.reflect.DirectMethodHandleAccessor.invoke(DirectMethodHandleAccessor.java:104)
	at java.base/java.lang.reflect.Method.invoke(Method.java:578)
	at org.testng.internal.invokers.MethodInvocationHelper.invokeMethod(MethodInvocationHelper.java:139)
	at org.testng.internal.invokers.TestInvoker.invokeMethod(TestInvoker.java:677)
	at org.testng.internal.invokers.TestInvoker.invokeTestMethod(TestInvoker.java:221)
	at org.testng.internal.invokers.MethodRunner.runInSequence(MethodRunner.java:50)
	at org.testng.internal.invokers.TestInvoker$MethodInvocationAgent.invoke(TestInvoker.java:969)
	at org.testng.internal.invokers.TestInvoker.invokeTestMethods(TestInvoker.java:194)
	at org.testng.internal.invokers.TestMethodWorker.invokeTestMethods(TestMethodWorker.java:148)
	at org.testng.internal.invokers.TestMethodWorker.run(TestMethodWorker.java:128)
	at java.base/java.util.ArrayList.forEach(ArrayList.java:1511)
	at org.testng.TestRunner.privateRun(TestRunner.java:829)
	at org.testng.TestRunner.run(TestRunner.java:602)
	at org.testng.SuiteRunner.runTest(SuiteRunner.java:437)
	at org.testng.SuiteRunner.runSequentially(SuiteRunner.java:431)
	at org.testng.SuiteRunner.privateRun(SuiteRunner.java:391)
	at org.testng.SuiteRunner.run(SuiteRunner.java:330)
	at org.testng.SuiteRunnerWorker.runSuite(SuiteRunnerWorker.java:52)
	at org.testng.SuiteRunnerWorker.run(SuiteRunnerWorker.java:95)
	at org.testng.TestNG.runSuitesSequentially(TestNG.java:1256)
	at org.testng.TestNG.runSuitesLocally(TestNG.java:1176)
	at org.testng.TestNG.runSuites(TestNG.java:1099)
	at org.testng.TestNG.run(TestNG.java:1067)
	at org.apache.maven.surefire.testng.TestNGExecutor.run(TestNGExecutor.java:151)
	at org.apache.maven.surefire.testng.TestNGDirectoryTestSuite.executeSingleClass(TestNGDirectoryTestSuite.java:111)
	at org.apache.maven.surefire.testng.TestNGDirectoryTestSuite.execute(TestNGDirectoryTestSuite.java:98)
	at org.apache.maven.surefire.testng.TestNGProvider.invoke(TestNGProvider.java:155)
	at org.apache.maven.surefire.booter.ForkedBooter.runSuitesInProcess(ForkedBooter.java:456)
	at org.apache.maven.surefire.booter.ForkedBooter.execute(ForkedBooter.java:169)
	at org.apache.maven.surefire.booter.ForkedBooter.run(ForkedBooter.java:595)
	at org.apache.maven.surefire.booter.ForkedBooter.main(ForkedBooter.java:581)
]]></failure>
  </testcase>
  <testcase name="testPartialUpdate" classname="RestAssuredProject.Restful_bookerTest" time="0.144">
    <system-out><![CDATA[HTTP/1.1 200 OK
Server: Cowboy
Connection: keep-alive
X-Powered-By: Express
Content-Type: application/json; charset=utf-8
Content-Length: 169
Etag: W/"a9-Jw18uHogFeeL2eYChzXRWgLUFzM"
Date: Sun, 19 Feb 2023 16:58:38 GMT
Via: 1.1 vegur

{
    "firstname": "jack",
    "lastname": "MAmaa",
    "totalprice": 541,
    "depositpaid": true,
    "bookingdates": {
        "checkin": "2015-05-06",
        "checkout": "2016-11-29"
    },
    "additionalneeds": "Breakfast"
}
]]></system-out>
  </testcase>
  <testcase name="filterByValidName" classname="RestAssuredProject.Restful_bookerTest" time="0.15">
    <system-out><![CDATA[HTTP/1.1 200 OK
Server: Cowboy
Connection: keep-alive
X-Powered-By: Express
Content-Type: application/json; charset=utf-8
Content-Length: 36
Etag: W/"24-omHEHkW5babAaeohK4Ukn1khMgE"
Date: Sun, 19 Feb 2023 16:58:39 GMT
Via: 1.1 vegur

[
    {
        "bookingid": 6
    },
    {
        "bookingid": 7142
    }
]
]]></system-out>
  </testcase>
</testsuite>